Using pre-set license
Built from '2021.3/staging' branch; Version is '2021.3.16f1 (4016570cf34f) revision 4200023'; Using compiler version '192829333'; Build Type 'Release'
OS: 'Windows 10  (10.0.19044) 64bit Professional' Language: 'pt' Physical Memory: 16332 MB
BatchMode: 1, IsHumanControllingUs: 0, StartBugReporterOnCrash: 0, Is64bit: 1, IsPro: 1

COMMAND LINE ARGUMENTS:
D:\unity\editor\2021.3.16f1\Editor\Unity.exe
-adb2
-batchMode
-noUpm
-name
AssetImportWorker10
-projectPath
D:/roots/My project (3)
-logFile
Logs/AssetImportWorker10.log
-srvPort
49934
Successfully changed project path to: D:/roots/My project (3)
D:/roots/My project (3)
[UnityMemory] Configuration Parameters - Can be set up in boot.config
    "memorysetup-bucket-allocator-granularity=16"
    "memorysetup-bucket-allocator-bucket-count=8"
    "memorysetup-bucket-allocator-block-size=33554432"
    "memorysetup-bucket-allocator-block-count=8"
    "memorysetup-main-allocator-block-size=16777216"
    "memorysetup-thread-allocator-block-size=16777216"
    "memorysetup-gfx-main-allocator-block-size=16777216"
    "memorysetup-gfx-thread-allocator-block-size=16777216"
    "memorysetup-cache-allocator-block-size=4194304"
    "memorysetup-typetree-allocator-block-size=2097152"
    "memorysetup-profiler-bucket-allocator-granularity=16"
    "memorysetup-profiler-bucket-allocator-bucket-count=8"
    "memorysetup-profiler-bucket-allocator-block-size=33554432"
    "memorysetup-profiler-bucket-allocator-block-count=8"
    "memorysetup-profiler-allocator-block-size=16777216"
    "memorysetup-profiler-editor-allocator-block-size=1048576"
    "memorysetup-temp-allocator-size-main=16777216"
    "memorysetup-job-temp-allocator-block-size=2097152"
    "memorysetup-job-temp-allocator-block-size-background=1048576"
    "memorysetup-job-temp-allocator-reduction-small-platforms=262144"
    "memorysetup-temp-allocator-size-background-worker=32768"
    "memorysetup-temp-allocator-size-job-worker=262144"
    "memorysetup-temp-allocator-size-preload-manager=33554432"
    "memorysetup-temp-allocator-size-nav-mesh-worker=65536"
    "memorysetup-temp-allocator-size-audio-worker=65536"
    "memorysetup-temp-allocator-size-cloud-worker=32768"
    "memorysetup-temp-allocator-size-gi-baking-worker=262144"
    "memorysetup-temp-allocator-size-gfx=262144"
Player connection [18632] Host "[IP] 172.25.176.1 [Port] 0 [Flags] 2 [Guid] 795220302 [EditorId] 795220302 [Version] 1048832 [Id] WindowsEditor(7,DESKTOP-G54P02N) [Debug] 1 [PackageName] WindowsEditor [ProjectName] Editor" joined multi-casting on [225.0.0.222:54997]...

Player connection [18632] Host "[IP] 172.25.176.1 [Port] 0 [Flags] 2 [Guid] 795220302 [EditorId] 795220302 [Version] 1048832 [Id] WindowsEditor(7,DESKTOP-G54P02N) [Debug] 1 [PackageName] WindowsEditor [ProjectName] Editor" joined alternative multi-casting on [225.0.0.222:34997]...

Refreshing native plugins compatible for Editor in 85.63 ms, found 3 plugins.
Preloading 0 native plugins for Editor in 0.00 ms.
Initialize engine version: 2021.3.16f1 (4016570cf34f)
[Subsystems] Discovering subsystems at path D:/unity/editor/2021.3.16f1/Editor/Data/Resources/UnitySubsystems
[Subsystems] Discovering subsystems at path D:/roots/My project (3)/Assets
GfxDevice: creating device client; threaded=0; jobified=0
Direct3D:
    Version:  Direct3D 11.0 [level 11.1]
    Renderer: Radeon RX 570 Series (ID=0x67df)
    Vendor:   ATI
    VRAM:     4074 MB
    Driver:   31.0.12027.7000
Initialize mono
Mono path[0] = 'D:/unity/editor/2021.3.16f1/Editor/Data/Managed'
Mono path[1] = 'D:/unity/editor/2021.3.16f1/Editor/Data/MonoBleedingEdge/lib/mono/unityjit-win32'
Mono config path = 'D:/unity/editor/2021.3.16f1/Editor/Data/MonoBleedingEdge/etc'
Using monoOptions --debugger-agent=transport=dt_socket,embedding=1,server=y,suspend=n,address=127.0.0.1:56432
Begin MonoManager ReloadAssembly
Registering precompiled unity dll's ...
Register platform support module: D:/unity/editor/2021.3.16f1/Editor/Data/PlaybackEngines/WebGLSupport/UnityEditor.WebGL.Extensions.dll
Register platform support module: D:/unity/editor/2021.3.16f1/Editor/Data/PlaybackEngines/WindowsStandaloneSupport/UnityEditor.WindowsStandalone.Extensions.dll
Registered in 0.004223 seconds.
Native extension for WindowsStandalone target not found
Native extension for WebGL target not found
Refreshing native plugins compatible for Editor in 78.21 ms, found 3 plugins.
Preloading 0 native plugins for Editor in 0.00 ms.
Mono: successfully reloaded assembly
- Completed reload, in  0.545 seconds
Domain Reload Profiling:
	ReloadAssembly (546ms)
		BeginReloadAssembly (62ms)
			ExecutionOrderSort (0ms)
			DisableScriptedObjects (0ms)
			BackupInstance (0ms)
			ReleaseScriptingObjects (0ms)
			CreateAndSetChildDomain (1ms)
		EndReloadAssembly (389ms)
			LoadAssemblies (60ms)
			RebuildTransferFunctionScriptingTraits (0ms)
			SetupTypeCache (92ms)
			ReleaseScriptCaches (0ms)
			RebuildScriptCaches (24ms)
			SetupLoadedEditorAssemblies (230ms)
				LogAssemblyErrors (0ms)
				InitializePlatformSupportModulesInManaged (7ms)
				SetLoadedEditorAssemblies (0ms)
				RefreshPlugins (78ms)
				BeforeProcessingInitializeOnLoad (1ms)
				ProcessInitializeOnLoadAttributes (104ms)
				ProcessInitializeOnLoadMethodAttributes (39ms)
				AfterProcessingInitializeOnLoad (0ms)
				EditorAssembliesLoaded (0ms)
			ExecutionOrderSort2 (0ms)
			AwakeInstancesAfterBackupRestoration (0ms)
Platform modules already initialized, skipping
Registering precompiled user dll's ...
Registered in 0.004708 seconds.
Begin MonoManager ReloadAssembly
Symbol file LoadedFromMemory doesn't match image D:\roots\My project (3)\Library\PackageCache\com.unity.visualscripting@1.7.8\Editor\VisualScripting.Core\Dependencies\YamlDotNet\Unity.VisualScripting.YamlDotNet.dll
Symbol file LoadedFromMemory doesn't match image D:\roots\My project (3)\Library\PackageCache\com.unity.visualscripting@1.7.8\Editor\VisualScripting.Core\Dependencies\DotNetZip\Unity.VisualScripting.IonicZip.dll
Native extension for WindowsStandalone target not found
Native extension for WebGL target not found
Refreshing native plugins compatible for Editor in 0.71 ms, found 3 plugins.
Preloading 0 native plugins for Editor in 0.00 ms.
Mono: successfully reloaded assembly
- Completed reload, in  0.901 seconds
Domain Reload Profiling:
	ReloadAssembly (902ms)
		BeginReloadAssembly (97ms)
			ExecutionOrderSort (0ms)
			DisableScriptedObjects (5ms)
			BackupInstance (0ms)
			ReleaseScriptingObjects (0ms)
			CreateAndSetChildDomain (19ms)
		EndReloadAssembly (699ms)
			LoadAssemblies (70ms)
			RebuildTransferFunctionScriptingTraits (0ms)
			SetupTypeCache (239ms)
			ReleaseScriptCaches (1ms)
			RebuildScriptCaches (44ms)
			SetupLoadedEditorAssemblies (313ms)
				LogAssemblyErrors (0ms)
				InitializePlatformSupportModulesInManaged (6ms)
				SetLoadedEditorAssemblies (0ms)
				RefreshPlugins (1ms)
				BeforeProcessingInitializeOnLoad (82ms)
				ProcessInitializeOnLoadAttributes (197ms)
				ProcessInitializeOnLoadMethodAttributes (22ms)
				AfterProcessingInitializeOnLoad (5ms)
				EditorAssembliesLoaded (0ms)
			ExecutionOrderSort2 (0ms)
			AwakeInstancesAfterBackupRestoration (5ms)
Platform modules already initialized, skipping
========================================================================
Worker process is ready to serve import requests
Launched and connected shader compiler UnityShaderCompiler.exe after 0.04 seconds
Refreshing native plugins compatible for Editor in 0.78 ms, found 3 plugins.
Preloading 0 native plugins for Editor in 0.00 ms.
Unloading 3366 Unused Serialized files (Serialized files now loaded: 0)
Unloading 27 unused Assets / (113.4 KB). Loaded Objects now: 3828.
Memory consumption went from 116.4 MB to 116.3 MB.
Total: 3.362500 ms (FindLiveObjects: 0.281900 ms CreateObjectMapping: 0.103400 ms MarkObjects: 2.868800 ms  DeleteObjects: 0.107300 ms)

AssetImportParameters requested are different than current active one (requested -> active):
  custom:video-decoder-ogg-theora: a1e56fd34408186e4bbccfd4996cb3dc -> 
  custom:container-muxer-webm: aa71ff27fc2769a1b78a27578f13a17b -> 
  custom:container-demuxer-webm: 4f35f7cbe854078d1ac9338744f61a02 -> 
  custom:video-encoder-webm-vp8: eb34c28f22e8b96e1ab97ce403110664 -> 
  custom:audio-encoder-webm-vorbis: bf7c407c2cedff20999df2af8eb42d56 -> 
  custom:framework-win-MediaFoundation: 216162199b28c13a410421893ffa2e32 -> 
  custom:container-demuxer-ogg: 62fdf1f143b41e24485cea50d1cbac27 -> 
  custom:video-decoder-webm-vp8: 9c59270c3fd7afecdb556c50c9e8de78 -> 
  custom:audio-decoder-ogg-vorbis: bf7c407c2cedff20999df2af8eb42d56 -> 
========================================================================
Received Import Request.
  Time since last request: 221886.132041 seconds.
  path: Assets/raizes/root1/root1_00017.png
  artifactKey: Guid(f10b185dbd1ede84e8e86cb4bbcd1d91) Importer(815301076,1909f56bfc062723c751e8b465ee728b)
Start importing Assets/raizes/root1/root1_00017.png using Guid(f10b185dbd1ede84e8e86cb4bbcd1d91) Importer(815301076,1909f56bfc062723c751e8b465ee728b)  -> (artifact id: 'a747776cf3ae3aa6b58283c34d21d7ed') in 0.125528 seconds 
========================================================================
Received Import Request.
  Time since last request: 11.087995 seconds.
  path: Assets/RootObj.prefab
  artifactKey: Guid(f21595430af853645b016511e7b418de) Importer(815301076,1909f56bfc062723c751e8b465ee728b)
Start importing Assets/RootObj.prefab using Guid(f21595430af853645b016511e7b418de) Importer(815301076,1909f56bfc062723c751e8b465ee728b)  -> (artifact id: '9596ce2e29e38a1705cf5d140abf5a0d') in 0.032642 seconds 
========================================================================
Received Import Request.
  Time since last request: 70.616959 seconds.
  path: Assets/raizes/char/mandioca_00028.png
  artifactKey: Guid(7ae7180e9d9399f40b3231304e54db89) Importer(815301076,1909f56bfc062723c751e8b465ee728b)
Start importing Assets/raizes/char/mandioca_00028.png using Guid(7ae7180e9d9399f40b3231304e54db89) Importer(815301076,1909f56bfc062723c751e8b465ee728b)  -> (artifact id: '0ab089c6ae12620b8a589a375f849825') in 0.026075 seconds 
========================================================================
Received Import Request.
  Time since last request: 0.012938 seconds.
  path: Assets/raizes/char/inhame_00016.png
  artifactKey: Guid(668af58d69d402244a87eaf2dd6420d7) Importer(815301076,1909f56bfc062723c751e8b465ee728b)
Start importing Assets/raizes/char/inhame_00016.png using Guid(668af58d69d402244a87eaf2dd6420d7) Importer(815301076,1909f56bfc062723c751e8b465ee728b)  -> (artifact id: '6f4c99bafc4d77aa65df24b7f8ae557a') in 0.040060 seconds 
========================================================================
Received Import Request.
  Time since last request: 0.000037 seconds.
  path: Assets/raizes/char/mandioca_00040.png
  artifactKey: Guid(997b391d7c86e744cbaf388cb7079ce2) Importer(815301076,1909f56bfc062723c751e8b465ee728b)
Start importing Assets/raizes/char/mandioca_00040.png using Guid(997b391d7c86e744cbaf388cb7079ce2) Importer(815301076,1909f56bfc062723c751e8b465ee728b)  -> (artifact id: '3466ef95471e4d06faaf770ce8ce5943') in 0.021682 seconds 
========================================================================
Received Import Request.
  Time since last request: 0.000033 seconds.
  path: Assets/raizes/char/mandioca_00008.png
  artifactKey: Guid(d1fb31088bcfa9b458df2b69624fb266) Importer(815301076,1909f56bfc062723c751e8b465ee728b)
Start importing Assets/raizes/char/mandioca_00008.png using Guid(d1fb31088bcfa9b458df2b69624fb266) Importer(815301076,1909f56bfc062723c751e8b465ee728b)  -> (artifact id: '39e7dcfc2eef1b8be62b5fd3fcd9d45d') in 0.022106 seconds 
========================================================================
Received Import Request.
  Time since last request: 0.000046 seconds.
  path: Assets/raizes/char/mandioca_00032.png
  artifactKey: Guid(ed12fa4837c4a824d82aac19719bfff2) Importer(815301076,1909f56bfc062723c751e8b465ee728b)
Start importing Assets/raizes/char/mandioca_00032.png using Guid(ed12fa4837c4a824d82aac19719bfff2) Importer(815301076,1909f56bfc062723c751e8b465ee728b)  -> (artifact id: '3529486dd649ea849934e115f39d0659') in 0.022204 seconds 
========================================================================
Received Import Request.
  Time since last request: 0.000062 seconds.
  path: Assets/raizes/char/mandioca_00005.png
  artifactKey: Guid(d8dacae6f0309324696cd5451f39966b) Importer(815301076,1909f56bfc062723c751e8b465ee728b)
Start importing Assets/raizes/char/mandioca_00005.png using Guid(d8dacae6f0309324696cd5451f39966b) Importer(815301076,1909f56bfc062723c751e8b465ee728b)  -> (artifact id: '8b3f12f356635f34d0eee9594e092cfc') in 0.021562 seconds 
========================================================================
Received Import Request.
  Time since last request: 0.000028 seconds.
  path: Assets/raizes/char/mandioca_00004.png
  artifactKey: Guid(3d66fe4f0542a0d479793a020415a3d6) Importer(815301076,1909f56bfc062723c751e8b465ee728b)
Start importing Assets/raizes/char/mandioca_00004.png using Guid(3d66fe4f0542a0d479793a020415a3d6) Importer(815301076,1909f56bfc062723c751e8b465ee728b)  -> (artifact id: 'ee549253f62bf02762fb7c0051d8618f') in 0.025173 seconds 
========================================================================
Received Import Request.
  Time since last request: 0.000032 seconds.
  path: Assets/raizes/char/inhame_00023.png
  artifactKey: Guid(52cfd3b96b8d8a44ba4567679afab00e) Importer(815301076,1909f56bfc062723c751e8b465ee728b)
Start importing Assets/raizes/char/inhame_00023.png using Guid(52cfd3b96b8d8a44ba4567679afab00e) Importer(815301076,1909f56bfc062723c751e8b465ee728b)  -> (artifact id: 'e6370e6b863f30bc1e7e24f8e7d02460') in 0.024741 seconds 
========================================================================
Received Import Request.
  Time since last request: 0.000032 seconds.
  path: Assets/raizes/char/inhame_00027.png
  artifactKey: Guid(62f53bdcc97423749b7f9bfcdfa2a870) Importer(815301076,1909f56bfc062723c751e8b465ee728b)
Start importing Assets/raizes/char/inhame_00027.png using Guid(62f53bdcc97423749b7f9bfcdfa2a870) Importer(815301076,1909f56bfc062723c751e8b465ee728b)  -> (artifact id: '335b579e3b9463a4aefba27dec264897') in 0.023797 seconds 
========================================================================
Received Import Request.
  Time since last request: 0.000038 seconds.
  path: Assets/raizes/char/mandioca_00025.png
  artifactKey: Guid(f3ff37ee0c520c243a4c2b6523bd86af) Importer(815301076,1909f56bfc062723c751e8b465ee728b)
Start importing Assets/raizes/char/mandioca_00025.png using Guid(f3ff37ee0c520c243a4c2b6523bd86af) Importer(815301076,1909f56bfc062723c751e8b465ee728b)  -> (artifact id: '38ef9f1ebd5c8c119995158460f4cd0f') in 0.022497 seconds 
========================================================================
Received Import Request.
  Time since last request: 0.000051 seconds.
  path: Assets/raizes/char/inhame_00024.png
  artifactKey: Guid(738a46e9fc09ca748ab5c890b61528be) Importer(815301076,1909f56bfc062723c751e8b465ee728b)
Start importing Assets/raizes/char/inhame_00024.png using Guid(738a46e9fc09ca748ab5c890b61528be) Importer(815301076,1909f56bfc062723c751e8b465ee728b)  -> (artifact id: 'f10dea2caad9f523817d5f8ea9cdc12c') in 0.022983 seconds 
========================================================================
Received Import Request.
  Time since last request: 0.000025 seconds.
  path: Assets/raizes/char/mandioca_00038.png
  artifactKey: Guid(71d3eb78b92abf44ba2bf744e9cacf41) Importer(815301076,1909f56bfc062723c751e8b465ee728b)
Start importing Assets/raizes/char/mandioca_00038.png using Guid(71d3eb78b92abf44ba2bf744e9cacf41) Importer(815301076,1909f56bfc062723c751e8b465ee728b)  -> (artifact id: '69f9b5ff1f9c1bb7e7786f685e7564f7') in 0.020404 seconds 
========================================================================
Received Import Request.
  Time since last request: 0.000031 seconds.
  path: Assets/raizes/char/mandioca_00007.png
  artifactKey: Guid(b9f13c3f444fef9439447c06cd2f0120) Importer(815301076,1909f56bfc062723c751e8b465ee728b)
Start importing Assets/raizes/char/mandioca_00007.png using Guid(b9f13c3f444fef9439447c06cd2f0120) Importer(815301076,1909f56bfc062723c751e8b465ee728b)  -> (artifact id: 'b90a280a425106ed43f6609c00e4f58b') in 0.022168 seconds 
========================================================================
Received Import Request.
  Time since last request: 0.000037 seconds.
  path: Assets/raizes/char/mandioca_00016.png
  artifactKey: Guid(fd38efd16c669fc45b45062d3ad79046) Importer(815301076,1909f56bfc062723c751e8b465ee728b)
Start importing Assets/raizes/char/mandioca_00016.png using Guid(fd38efd16c669fc45b45062d3ad79046) Importer(815301076,1909f56bfc062723c751e8b465ee728b)  -> (artifact id: '8115059490e815485ffcb7156121e5e7') in 0.022486 seconds 
========================================================================
Received Import Request.
  Time since last request: 0.000034 seconds.
  path: Assets/raizes/char/mandioca_00030.png
  artifactKey: Guid(28e918260a3c40641924f913d4b5150f) Importer(815301076,1909f56bfc062723c751e8b465ee728b)
Start importing Assets/raizes/char/mandioca_00030.png using Guid(28e918260a3c40641924f913d4b5150f) Importer(815301076,1909f56bfc062723c751e8b465ee728b)  -> (artifact id: '106ec9eb3f163d73a01a9d579ddca52a') in 0.024798 seconds 
========================================================================
Received Import Request.
  Time since last request: 0.000025 seconds.
  path: Assets/raizes/char/inhame_00018.png
  artifactKey: Guid(41561f4c6ca38fa49b16c8895c08b06b) Importer(815301076,1909f56bfc062723c751e8b465ee728b)
Start importing Assets/raizes/char/inhame_00018.png using Guid(41561f4c6ca38fa49b16c8895c08b06b) Importer(815301076,1909f56bfc062723c751e8b465ee728b)  -> (artifact id: '7027c58fe547916279ac66033406cf1d') in 0.024599 seconds 
========================================================================
Received Import Request.
  Time since last request: 0.000025 seconds.
  path: Assets/raizes/char/mandioca_00041.png
  artifactKey: Guid(1c9da696a90a67543ad4999ea50fa73c) Importer(815301076,1909f56bfc062723c751e8b465ee728b)
Start importing Assets/raizes/char/mandioca_00041.png using Guid(1c9da696a90a67543ad4999ea50fa73c) Importer(815301076,1909f56bfc062723c751e8b465ee728b)  -> (artifact id: '384db64fcb79a1fcafd091a47ae23d0e') in 0.022265 seconds 
========================================================================
Received Import Request.
  Time since last request: 0.000044 seconds.
  path: Assets/raizes/char/mandioca_00035.png
  artifactKey: Guid(24d2c9834dea20f4294a8b62ad1e0bc3) Importer(815301076,1909f56bfc062723c751e8b465ee728b)
Start importing Assets/raizes/char/mandioca_00035.png using Guid(24d2c9834dea20f4294a8b62ad1e0bc3) Importer(815301076,1909f56bfc062723c751e8b465ee728b)  -> (artifact id: 'f48fa1a1d5072b5f1716ec15b82d8d1f') in 0.020687 seconds 
========================================================================
Received Import Request.
  Time since last request: 0.000025 seconds.
  path: Assets/raizes/char/inhame_00019.png
  artifactKey: Guid(4a5ed30d88bac8947a6ebf3e29b2fb54) Importer(815301076,1909f56bfc062723c751e8b465ee728b)
Start importing Assets/raizes/char/inhame_00019.png using Guid(4a5ed30d88bac8947a6ebf3e29b2fb54) Importer(815301076,1909f56bfc062723c751e8b465ee728b)  -> (artifact id: '20295e653c3b4232637d28fd6ab68985') in 0.025427 seconds 
========================================================================
Received Import Request.
  Time since last request: 0.000037 seconds.
  path: Assets/raizes/char/inhame_00026.png
  artifactKey: Guid(9a4a972a885ed1243b3af26eeee65c8f) Importer(815301076,1909f56bfc062723c751e8b465ee728b)
Start importing Assets/raizes/char/inhame_00026.png using Guid(9a4a972a885ed1243b3af26eeee65c8f) Importer(815301076,1909f56bfc062723c751e8b465ee728b)  -> (artifact id: '6424cf54ce64ca6ccbe6386334f912a9') in 0.022757 seconds 
========================================================================
Received Import Request.
  Time since last request: 0.000027 seconds.
  path: Assets/raizes/char/mandioca_00031.png
  artifactKey: Guid(dbf2d524706c98b4e93852d03cd1aede) Importer(815301076,1909f56bfc062723c751e8b465ee728b)
Start importing Assets/raizes/char/mandioca_00031.png using Guid(dbf2d524706c98b4e93852d03cd1aede) Importer(815301076,1909f56bfc062723c751e8b465ee728b)  -> (artifact id: '9408a6ce32385b5eff7356a26042f468') in 0.022830 seconds 
========================================================================
Received Import Request.
  Time since last request: 0.000030 seconds.
  path: Assets/raizes/char/mandioca_00039.png
  artifactKey: Guid(cc73746682c5df042bec747f1a18eb20) Importer(815301076,1909f56bfc062723c751e8b465ee728b)
Start importing Assets/raizes/char/mandioca_00039.png using Guid(cc73746682c5df042bec747f1a18eb20) Importer(815301076,1909f56bfc062723c751e8b465ee728b)  -> (artifact id: 'c57ee0087bb00dd501cf728ee118aed9') in 0.022212 seconds 
========================================================================
Received Import Request.
  Time since last request: 0.000040 seconds.
  path: Assets/raizes/char/inhame_00029.png
  artifactKey: Guid(af36dc6b35503df4ea641a9437a790a1) Importer(815301076,1909f56bfc062723c751e8b465ee728b)
Start importing Assets/raizes/char/inhame_00029.png using Guid(af36dc6b35503df4ea641a9437a790a1) Importer(815301076,1909f56bfc062723c751e8b465ee728b)  -> (artifact id: '1ff89689ab6563a397ae2063249f519d') in 0.024011 seconds 
========================================================================
Received Import Request.
  Time since last request: 0.000043 seconds.
  path: Assets/raizes/char/mandioca_00037.png
  artifactKey: Guid(8f21f8cbc0711e24ea98acb4e3f32cf1) Importer(815301076,1909f56bfc062723c751e8b465ee728b)
Start importing Assets/raizes/char/mandioca_00037.png using Guid(8f21f8cbc0711e24ea98acb4e3f32cf1) Importer(815301076,1909f56bfc062723c751e8b465ee728b)  -> (artifact id: '6cb014b76fc99a9705ab072033ec6cc7') in 0.021770 seconds 
========================================================================
Received Import Request.
  Time since last request: 0.000029 seconds.
  path: Assets/raizes/char/mandioca_00009.png
  artifactKey: Guid(92f56308999eef84dbca57cf5084bef9) Importer(815301076,1909f56bfc062723c751e8b465ee728b)
Start importing Assets/raizes/char/mandioca_00009.png using Guid(92f56308999eef84dbca57cf5084bef9) Importer(815301076,1909f56bfc062723c751e8b465ee728b)  -> (artifact id: 'b2daed987ed3ef043681f2bae21fd27d') in 0.022696 seconds 
========================================================================
Received Import Request.
  Time since last request: 0.000032 seconds.
  path: Assets/raizes/char/mandioca_00023.png
  artifactKey: Guid(11d4ea312054f5549b9347d839a8704d) Importer(815301076,1909f56bfc062723c751e8b465ee728b)
Start importing Assets/raizes/char/mandioca_00023.png using Guid(11d4ea312054f5549b9347d839a8704d) Importer(815301076,1909f56bfc062723c751e8b465ee728b)  -> (artifact id: '0a96613505be266546264fb48391e1d3') in 0.023683 seconds 
========================================================================
Received Import Request.
  Time since last request: 0.000024 seconds.
  path: Assets/raizes/char/mandioca_00010.png
  artifactKey: Guid(7eee3d8dc9736204284311139cea361d) Importer(815301076,1909f56bfc062723c751e8b465ee728b)
Start importing Assets/raizes/char/mandioca_00010.png using Guid(7eee3d8dc9736204284311139cea361d) Importer(815301076,1909f56bfc062723c751e8b465ee728b)  -> (artifact id: '865eff3e0c0ea603e0cbf43e17d9b739') in 0.022403 seconds 
========================================================================
Received Import Request.
  Time since last request: 0.000029 seconds.
  path: Assets/raizes/char/mandioca_00029.png
  artifactKey: Guid(894b9d9f774debc42af00c894f842abe) Importer(815301076,1909f56bfc062723c751e8b465ee728b)
Start importing Assets/raizes/char/mandioca_00029.png using Guid(894b9d9f774debc42af00c894f842abe) Importer(815301076,1909f56bfc062723c751e8b465ee728b)  -> (artifact id: '3e695a3ec32b43682eace542d7dd7f2a') in 0.021707 seconds 
========================================================================
Received Import Request.
  Time since last request: 0.000031 seconds.
  path: Assets/raizes/char/mandioca_00012.png
  artifactKey: Guid(2c6540c09736b7f48aa3b7819b91032a) Importer(815301076,1909f56bfc062723c751e8b465ee728b)
Start importing Assets/raizes/char/mandioca_00012.png using Guid(2c6540c09736b7f48aa3b7819b91032a) Importer(815301076,1909f56bfc062723c751e8b465ee728b)  -> (artifact id: '2663991b289c7afabc6df782695eeb42') in 0.021913 seconds 
========================================================================
Received Import Request.
  Time since last request: 0.000025 seconds.
  path: Assets/raizes/char/mandioca_00033.png
  artifactKey: Guid(8d392f7eb5a357a43a91f60c911a838d) Importer(815301076,1909f56bfc062723c751e8b465ee728b)
Start importing Assets/raizes/char/mandioca_00033.png using Guid(8d392f7eb5a357a43a91f60c911a838d) Importer(815301076,1909f56bfc062723c751e8b465ee728b)  -> (artifact id: '74b30d1d2bd1c9d5e325990b23523324') in 0.021454 seconds 
Editor requested this worker to shutdown with reason: Scaling down because of idle timeout
AssetImportWorker is now disconnected from the server
Process exiting
Exiting without the bug reporter. Application will terminate with return code 0