Using pre-set license
Built from '2021.3/staging' branch; Version is '2021.3.16f1 (4016570cf34f) revision 4200023'; Using compiler version '192829333'; Build Type 'Release'
OS: 'Windows 10  (10.0.19044) 64bit Professional' Language: 'pt' Physical Memory: 16332 MB
BatchMode: 1, IsHumanControllingUs: 0, StartBugReporterOnCrash: 0, Is64bit: 1, IsPro: 1

COMMAND LINE ARGUMENTS:
D:\unity\editor\2021.3.16f1\Editor\Unity.exe
-adb2
-batchMode
-noUpm
-name
AssetImportWorker12
-projectPath
D:/roots/My project (3)
-logFile
Logs/AssetImportWorker12.log
-srvPort
49934
Successfully changed project path to: D:/roots/My project (3)
D:/roots/My project (3)
[UnityMemory] Configuration Parameters - Can be set up in boot.config
    "memorysetup-bucket-allocator-granularity=16"
    "memorysetup-bucket-allocator-bucket-count=8"
    "memorysetup-bucket-allocator-block-size=33554432"
    "memorysetup-bucket-allocator-block-count=8"
    "memorysetup-main-allocator-block-size=16777216"
    "memorysetup-thread-allocator-block-size=16777216"
    "memorysetup-gfx-main-allocator-block-size=16777216"
    "memorysetup-gfx-thread-allocator-block-size=16777216"
    "memorysetup-cache-allocator-block-size=4194304"
    "memorysetup-typetree-allocator-block-size=2097152"
    "memorysetup-profiler-bucket-allocator-granularity=16"
    "memorysetup-profiler-bucket-allocator-bucket-count=8"
    "memorysetup-profiler-bucket-allocator-block-size=33554432"
    "memorysetup-profiler-bucket-allocator-block-count=8"
    "memorysetup-profiler-allocator-block-size=16777216"
    "memorysetup-profiler-editor-allocator-block-size=1048576"
    "memorysetup-temp-allocator-size-main=16777216"
    "memorysetup-job-temp-allocator-block-size=2097152"
    "memorysetup-job-temp-allocator-block-size-background=1048576"
    "memorysetup-job-temp-allocator-reduction-small-platforms=262144"
    "memorysetup-temp-allocator-size-background-worker=32768"
    "memorysetup-temp-allocator-size-job-worker=262144"
    "memorysetup-temp-allocator-size-preload-manager=33554432"
    "memorysetup-temp-allocator-size-nav-mesh-worker=65536"
    "memorysetup-temp-allocator-size-audio-worker=65536"
    "memorysetup-temp-allocator-size-cloud-worker=32768"
    "memorysetup-temp-allocator-size-gi-baking-worker=262144"
    "memorysetup-temp-allocator-size-gfx=262144"
Player connection [37696] Host "[IP] 172.25.176.1 [Port] 0 [Flags] 2 [Guid] 1299398018 [EditorId] 1299398018 [Version] 1048832 [Id] WindowsEditor(7,DESKTOP-G54P02N) [Debug] 1 [PackageName] WindowsEditor [ProjectName] Editor" joined multi-casting on [225.0.0.222:54997]...

Player connection [37696] Host "[IP] 172.25.176.1 [Port] 0 [Flags] 2 [Guid] 1299398018 [EditorId] 1299398018 [Version] 1048832 [Id] WindowsEditor(7,DESKTOP-G54P02N) [Debug] 1 [PackageName] WindowsEditor [ProjectName] Editor" joined alternative multi-casting on [225.0.0.222:34997]...

Refreshing native plugins compatible for Editor in 91.87 ms, found 3 plugins.
Preloading 0 native plugins for Editor in 0.00 ms.
Initialize engine version: 2021.3.16f1 (4016570cf34f)
[Subsystems] Discovering subsystems at path D:/unity/editor/2021.3.16f1/Editor/Data/Resources/UnitySubsystems
[Subsystems] Discovering subsystems at path D:/roots/My project (3)/Assets
GfxDevice: creating device client; threaded=0; jobified=0
Direct3D:
    Version:  Direct3D 11.0 [level 11.1]
    Renderer: Radeon RX 570 Series (ID=0x67df)
    Vendor:   ATI
    VRAM:     4074 MB
    Driver:   31.0.12027.7000
Initialize mono
Mono path[0] = 'D:/unity/editor/2021.3.16f1/Editor/Data/Managed'
Mono path[1] = 'D:/unity/editor/2021.3.16f1/Editor/Data/MonoBleedingEdge/lib/mono/unityjit-win32'
Mono config path = 'D:/unity/editor/2021.3.16f1/Editor/Data/MonoBleedingEdge/etc'
Using monoOptions --debugger-agent=transport=dt_socket,embedding=1,server=y,suspend=n,address=127.0.0.1:56944
Begin MonoManager ReloadAssembly
Registering precompiled unity dll's ...
Register platform support module: D:/unity/editor/2021.3.16f1/Editor/Data/PlaybackEngines/WebGLSupport/UnityEditor.WebGL.Extensions.dll
Register platform support module: D:/unity/editor/2021.3.16f1/Editor/Data/PlaybackEngines/WindowsStandaloneSupport/UnityEditor.WindowsStandalone.Extensions.dll
Registered in 0.004176 seconds.
Native extension for WindowsStandalone target not found
Native extension for WebGL target not found
Refreshing native plugins compatible for Editor in 79.89 ms, found 3 plugins.
Preloading 0 native plugins for Editor in 0.00 ms.
Mono: successfully reloaded assembly
- Completed reload, in  0.554 seconds
Domain Reload Profiling:
	ReloadAssembly (555ms)
		BeginReloadAssembly (63ms)
			ExecutionOrderSort (0ms)
			DisableScriptedObjects (0ms)
			BackupInstance (0ms)
			ReleaseScriptingObjects (0ms)
			CreateAndSetChildDomain (1ms)
		EndReloadAssembly (398ms)
			LoadAssemblies (61ms)
			RebuildTransferFunctionScriptingTraits (0ms)
			SetupTypeCache (96ms)
			ReleaseScriptCaches (0ms)
			RebuildScriptCaches (24ms)
			SetupLoadedEditorAssemblies (233ms)
				LogAssemblyErrors (0ms)
				InitializePlatformSupportModulesInManaged (8ms)
				SetLoadedEditorAssemblies (0ms)
				RefreshPlugins (80ms)
				BeforeProcessingInitializeOnLoad (1ms)
				ProcessInitializeOnLoadAttributes (106ms)
				ProcessInitializeOnLoadMethodAttributes (37ms)
				AfterProcessingInitializeOnLoad (0ms)
				EditorAssembliesLoaded (0ms)
			ExecutionOrderSort2 (0ms)
			AwakeInstancesAfterBackupRestoration (0ms)
Platform modules already initialized, skipping
Registering precompiled user dll's ...
Registered in 0.004787 seconds.
Begin MonoManager ReloadAssembly
Symbol file LoadedFromMemory doesn't match image D:\roots\My project (3)\Library\PackageCache\com.unity.visualscripting@1.7.8\Editor\VisualScripting.Core\Dependencies\YamlDotNet\Unity.VisualScripting.YamlDotNet.dll
Symbol file LoadedFromMemory doesn't match image D:\roots\My project (3)\Library\PackageCache\com.unity.visualscripting@1.7.8\Editor\VisualScripting.Core\Dependencies\DotNetZip\Unity.VisualScripting.IonicZip.dll
Native extension for WindowsStandalone target not found
Native extension for WebGL target not found
Refreshing native plugins compatible for Editor in 0.83 ms, found 3 plugins.
Preloading 0 native plugins for Editor in 0.00 ms.
Mono: successfully reloaded assembly
- Completed reload, in  0.895 seconds
Domain Reload Profiling:
	ReloadAssembly (896ms)
		BeginReloadAssembly (97ms)
			ExecutionOrderSort (0ms)
			DisableScriptedObjects (5ms)
			BackupInstance (0ms)
			ReleaseScriptingObjects (0ms)
			CreateAndSetChildDomain (19ms)
		EndReloadAssembly (696ms)
			LoadAssemblies (66ms)
			RebuildTransferFunctionScriptingTraits (0ms)
			SetupTypeCache (235ms)
			ReleaseScriptCaches (1ms)
			RebuildScriptCaches (43ms)
			SetupLoadedEditorAssemblies (316ms)
				LogAssemblyErrors (0ms)
				InitializePlatformSupportModulesInManaged (5ms)
				SetLoadedEditorAssemblies (0ms)
				RefreshPlugins (1ms)
				BeforeProcessingInitializeOnLoad (78ms)
				ProcessInitializeOnLoadAttributes (204ms)
				ProcessInitializeOnLoadMethodAttributes (23ms)
				AfterProcessingInitializeOnLoad (5ms)
				EditorAssembliesLoaded (0ms)
			ExecutionOrderSort2 (0ms)
			AwakeInstancesAfterBackupRestoration (5ms)
Platform modules already initialized, skipping
========================================================================
Worker process is ready to serve import requests
Launched and connected shader compiler UnityShaderCompiler.exe after 0.04 seconds
Refreshing native plugins compatible for Editor in 0.78 ms, found 3 plugins.
Preloading 0 native plugins for Editor in 0.00 ms.
Unloading 3366 Unused Serialized files (Serialized files now loaded: 0)
Unloading 27 unused Assets / (113.4 KB). Loaded Objects now: 3828.
Memory consumption went from 116.4 MB to 116.3 MB.
Total: 3.305800 ms (FindLiveObjects: 0.323200 ms CreateObjectMapping: 0.103200 ms MarkObjects: 2.749700 ms  DeleteObjects: 0.128300 ms)

AssetImportParameters requested are different than current active one (requested -> active):
  custom:video-decoder-ogg-theora: a1e56fd34408186e4bbccfd4996cb3dc -> 
  custom:container-muxer-webm: aa71ff27fc2769a1b78a27578f13a17b -> 
  custom:container-demuxer-webm: 4f35f7cbe854078d1ac9338744f61a02 -> 
  custom:video-encoder-webm-vp8: eb34c28f22e8b96e1ab97ce403110664 -> 
  custom:audio-encoder-webm-vorbis: bf7c407c2cedff20999df2af8eb42d56 -> 
  custom:framework-win-MediaFoundation: 216162199b28c13a410421893ffa2e32 -> 
  custom:container-demuxer-ogg: 62fdf1f143b41e24485cea50d1cbac27 -> 
  custom:video-decoder-webm-vp8: 9c59270c3fd7afecdb556c50c9e8de78 -> 
  custom:audio-decoder-ogg-vorbis: bf7c407c2cedff20999df2af8eb42d56 -> 
========================================================================
Received Prepare
Registering precompiled user dll's ...
Registered in 0.004420 seconds.
Begin MonoManager ReloadAssembly
Symbol file LoadedFromMemory doesn't match image D:\roots\My project (3)\Library\PackageCache\com.unity.visualscripting@1.7.8\Editor\VisualScripting.Core\Dependencies\YamlDotNet\Unity.VisualScripting.YamlDotNet.dll
Symbol file LoadedFromMemory doesn't match image D:\roots\My project (3)\Library\PackageCache\com.unity.visualscripting@1.7.8\Editor\VisualScripting.Core\Dependencies\DotNetZip\Unity.VisualScripting.IonicZip.dll
Native extension for WindowsStandalone target not found
Native extension for WebGL target not found
Refreshing native plugins compatible for Editor in 0.75 ms, found 3 plugins.
Preloading 0 native plugins for Editor in 0.00 ms.
Mono: successfully reloaded assembly
- Completed reload, in  1.034 seconds
Domain Reload Profiling:
	ReloadAssembly (1034ms)
		BeginReloadAssembly (137ms)
			ExecutionOrderSort (0ms)
			DisableScriptedObjects (5ms)
			BackupInstance (0ms)
			ReleaseScriptingObjects (0ms)
			CreateAndSetChildDomain (43ms)
		EndReloadAssembly (797ms)
			LoadAssemblies (84ms)
			RebuildTransferFunctionScriptingTraits (0ms)
			SetupTypeCache (288ms)
			ReleaseScriptCaches (1ms)
			RebuildScriptCaches (47ms)
			SetupLoadedEditorAssemblies (332ms)
				LogAssemblyErrors (0ms)
				InitializePlatformSupportModulesInManaged (14ms)
				SetLoadedEditorAssemblies (0ms)
				RefreshPlugins (1ms)
				BeforeProcessingInitializeOnLoad (70ms)
				ProcessInitializeOnLoadAttributes (212ms)
				ProcessInitializeOnLoadMethodAttributes (27ms)
				AfterProcessingInitializeOnLoad (7ms)
				EditorAssembliesLoaded (0ms)
			ExecutionOrderSort2 (0ms)
			AwakeInstancesAfterBackupRestoration (6ms)
Platform modules already initialized, skipping
Refreshing native plugins compatible for Editor in 1.74 ms, found 3 plugins.
Preloading 0 native plugins for Editor in 0.00 ms.
Unloading 3361 Unused Serialized files (Serialized files now loaded: 0)
Unloading 20 unused Assets / (80.0 KB). Loaded Objects now: 3831.
Memory consumption went from 116.5 MB to 116.4 MB.
Total: 3.502800 ms (FindLiveObjects: 0.315800 ms CreateObjectMapping: 0.268600 ms MarkObjects: 2.777800 ms  DeleteObjects: 0.139500 ms)

AssetImportParameters requested are different than current active one (requested -> active):
  custom:video-decoder-ogg-theora: a1e56fd34408186e4bbccfd4996cb3dc -> 
  custom:container-muxer-webm: aa71ff27fc2769a1b78a27578f13a17b -> 
  custom:container-demuxer-webm: 4f35f7cbe854078d1ac9338744f61a02 -> 
  custom:video-encoder-webm-vp8: eb34c28f22e8b96e1ab97ce403110664 -> 
  custom:audio-encoder-webm-vorbis: bf7c407c2cedff20999df2af8eb42d56 -> 
  custom:framework-win-MediaFoundation: 216162199b28c13a410421893ffa2e32 -> 
  custom:container-demuxer-ogg: 62fdf1f143b41e24485cea50d1cbac27 -> 
  custom:video-decoder-webm-vp8: 9c59270c3fd7afecdb556c50c9e8de78 -> 
  custom:audio-decoder-ogg-vorbis: bf7c407c2cedff20999df2af8eb42d56 -> 
========================================================================
Received Import Request.
  Time since last request: 223795.478159 seconds.
  path: Assets/Tree_Textures/normal_specular.png
  artifactKey: Guid(031daa153850f21478f2578349bc5e7c) Importer(815301076,1909f56bfc062723c751e8b465ee728b)
Start importing Assets/Tree_Textures/normal_specular.png using Guid(031daa153850f21478f2578349bc5e7c) Importer(815301076,1909f56bfc062723c751e8b465ee728b)  -> (artifact id: '234c54de4d18aadc4bbd47d46f20769d') in 0.090988 seconds 
========================================================================
Received Prepare
Registering precompiled user dll's ...
Registered in 0.006555 seconds.
Begin MonoManager ReloadAssembly
Symbol file LoadedFromMemory doesn't match image D:\roots\My project (3)\Library\PackageCache\com.unity.visualscripting@1.7.8\Editor\VisualScripting.Core\Dependencies\YamlDotNet\Unity.VisualScripting.YamlDotNet.dll
Symbol file LoadedFromMemory doesn't match image D:\roots\My project (3)\Library\PackageCache\com.unity.visualscripting@1.7.8\Editor\VisualScripting.Core\Dependencies\DotNetZip\Unity.VisualScripting.IonicZip.dll
Native extension for WindowsStandalone target not found
Native extension for WebGL target not found
Refreshing native plugins compatible for Editor in 0.84 ms, found 3 plugins.
Preloading 0 native plugins for Editor in 0.00 ms.
Mono: successfully reloaded assembly
- Completed reload, in  0.960 seconds
Domain Reload Profiling:
	ReloadAssembly (961ms)
		BeginReloadAssembly (133ms)
			ExecutionOrderSort (0ms)
			DisableScriptedObjects (5ms)
			BackupInstance (0ms)
			ReleaseScriptingObjects (0ms)
			CreateAndSetChildDomain (42ms)
		EndReloadAssembly (741ms)
			LoadAssemblies (69ms)
			RebuildTransferFunctionScriptingTraits (0ms)
			SetupTypeCache (264ms)
			ReleaseScriptCaches (2ms)
			RebuildScriptCaches (45ms)
			SetupLoadedEditorAssemblies (313ms)
				LogAssemblyErrors (0ms)
				InitializePlatformSupportModulesInManaged (13ms)
				SetLoadedEditorAssemblies (1ms)
				RefreshPlugins (1ms)
				BeforeProcessingInitializeOnLoad (66ms)
				ProcessInitializeOnLoadAttributes (200ms)
				ProcessInitializeOnLoadMethodAttributes (24ms)
				AfterProcessingInitializeOnLoad (7ms)
				EditorAssembliesLoaded (0ms)
			ExecutionOrderSort2 (0ms)
			AwakeInstancesAfterBackupRestoration (6ms)
Platform modules already initialized, skipping
Refreshing native plugins compatible for Editor in 2.43 ms, found 3 plugins.
Preloading 0 native plugins for Editor in 0.00 ms.
Unloading 3361 Unused Serialized files (Serialized files now loaded: 0)
Unloading 20 unused Assets / (79.8 KB). Loaded Objects now: 3837.
Memory consumption went from 116.5 MB to 116.4 MB.
Total: 3.106800 ms (FindLiveObjects: 0.313900 ms CreateObjectMapping: 0.089800 ms MarkObjects: 2.605100 ms  DeleteObjects: 0.096800 ms)

AssetImportParameters requested are different than current active one (requested -> active):
  custom:video-decoder-ogg-theora: a1e56fd34408186e4bbccfd4996cb3dc -> 
  custom:container-muxer-webm: aa71ff27fc2769a1b78a27578f13a17b -> 
  custom:container-demuxer-webm: 4f35f7cbe854078d1ac9338744f61a02 -> 
  custom:video-encoder-webm-vp8: eb34c28f22e8b96e1ab97ce403110664 -> 
  custom:audio-encoder-webm-vorbis: bf7c407c2cedff20999df2af8eb42d56 -> 
  custom:framework-win-MediaFoundation: 216162199b28c13a410421893ffa2e32 -> 
  custom:container-demuxer-ogg: 62fdf1f143b41e24485cea50d1cbac27 -> 
  custom:video-decoder-webm-vp8: 9c59270c3fd7afecdb556c50c9e8de78 -> 
  custom:audio-decoder-ogg-vorbis: bf7c407c2cedff20999df2af8eb42d56 -> 
========================================================================
Received Import Request.
  Time since last request: 59.566503 seconds.
  path: Assets/RootObj.prefab
  artifactKey: Guid(f21595430af853645b016511e7b418de) Importer(815301076,1909f56bfc062723c751e8b465ee728b)
Start importing Assets/RootObj.prefab using Guid(f21595430af853645b016511e7b418de) Importer(815301076,1909f56bfc062723c751e8b465ee728b)  -> (artifact id: 'b6c26df5cd487a477597233f7192c274') in 0.101422 seconds 
========================================================================
Received Prepare
Registering precompiled user dll's ...
Registered in 0.006072 seconds.
Begin MonoManager ReloadAssembly
Symbol file LoadedFromMemory doesn't match image D:\roots\My project (3)\Library\PackageCache\com.unity.visualscripting@1.7.8\Editor\VisualScripting.Core\Dependencies\YamlDotNet\Unity.VisualScripting.YamlDotNet.dll
Symbol file LoadedFromMemory doesn't match image D:\roots\My project (3)\Library\PackageCache\com.unity.visualscripting@1.7.8\Editor\VisualScripting.Core\Dependencies\DotNetZip\Unity.VisualScripting.IonicZip.dll
Native extension for WindowsStandalone target not found
Native extension for WebGL target not found
Refreshing native plugins compatible for Editor in 0.99 ms, found 3 plugins.
Preloading 0 native plugins for Editor in 0.00 ms.
Mono: successfully reloaded assembly
- Completed reload, in  0.995 seconds
Domain Reload Profiling:
	ReloadAssembly (995ms)
		BeginReloadAssembly (133ms)
			ExecutionOrderSort (0ms)
			DisableScriptedObjects (4ms)
			BackupInstance (0ms)
			ReleaseScriptingObjects (0ms)
			CreateAndSetChildDomain (41ms)
		EndReloadAssembly (766ms)
			LoadAssemblies (81ms)
			RebuildTransferFunctionScriptingTraits (0ms)
			SetupTypeCache (280ms)
			ReleaseScriptCaches (2ms)
			RebuildScriptCaches (44ms)
			SetupLoadedEditorAssemblies (322ms)
				LogAssemblyErrors (0ms)
				InitializePlatformSupportModulesInManaged (14ms)
				SetLoadedEditorAssemblies (1ms)
				RefreshPlugins (1ms)
				BeforeProcessingInitializeOnLoad (68ms)
				ProcessInitializeOnLoadAttributes (206ms)
				ProcessInitializeOnLoadMethodAttributes (27ms)
				AfterProcessingInitializeOnLoad (6ms)
				EditorAssembliesLoaded (0ms)
			ExecutionOrderSort2 (0ms)
			AwakeInstancesAfterBackupRestoration (7ms)
Platform modules already initialized, skipping
Refreshing native plugins compatible for Editor in 2.04 ms, found 3 plugins.
Preloading 0 native plugins for Editor in 0.00 ms.
Unloading 3361 Unused Serialized files (Serialized files now loaded: 0)
Unloading 20 unused Assets / (79.8 KB). Loaded Objects now: 3847.
Memory consumption went from 120.8 MB to 120.7 MB.
Total: 3.503200 ms (FindLiveObjects: 0.385000 ms CreateObjectMapping: 0.103700 ms MarkObjects: 2.885400 ms  DeleteObjects: 0.128000 ms)

AssetImportParameters requested are different than current active one (requested -> active):
  custom:video-decoder-ogg-theora: a1e56fd34408186e4bbccfd4996cb3dc -> 
  custom:container-muxer-webm: aa71ff27fc2769a1b78a27578f13a17b -> 
  custom:container-demuxer-webm: 4f35f7cbe854078d1ac9338744f61a02 -> 
  custom:video-encoder-webm-vp8: eb34c28f22e8b96e1ab97ce403110664 -> 
  custom:audio-encoder-webm-vorbis: bf7c407c2cedff20999df2af8eb42d56 -> 
  custom:framework-win-MediaFoundation: 216162199b28c13a410421893ffa2e32 -> 
  custom:container-demuxer-ogg: 62fdf1f143b41e24485cea50d1cbac27 -> 
  custom:video-decoder-webm-vp8: 9c59270c3fd7afecdb556c50c9e8de78 -> 
  custom:audio-decoder-ogg-vorbis: bf7c407c2cedff20999df2af8eb42d56 -> 
========================================================================
Received Import Request.
  Time since last request: 256.369253 seconds.
  path: Assets/Tree.prefab
  artifactKey: Guid(5e2468e76e3a3c941bca4a27cce2837a) Importer(815301076,1909f56bfc062723c751e8b465ee728b)
Start importing Assets/Tree.prefab using Guid(5e2468e76e3a3c941bca4a27cce2837a) Importer(815301076,1909f56bfc062723c751e8b465ee728b)  -> (artifact id: '9d6f73ba7ec8cccaede1f0e9b814954c') in 0.108512 seconds 
========================================================================
Received Import Request.
  Time since last request: 163.117270 seconds.
  path: Assets/raizes/planta/broto_00001.png
  artifactKey: Guid(cadcf651a4d3f0147b6197fe251ec610) Importer(815301076,1909f56bfc062723c751e8b465ee728b)
Start importing Assets/raizes/planta/broto_00001.png using Guid(cadcf651a4d3f0147b6197fe251ec610) Importer(815301076,1909f56bfc062723c751e8b465ee728b)  -> (artifact id: 'fb33e7a95791a04e444c2cff07baae25') in 0.139242 seconds 
========================================================================
Received Import Request.
  Time since last request: 0.000024 seconds.
  path: Assets/raizes/planta/broto_00030.png
  artifactKey: Guid(e960d3bec28a7904b8b4a4543501bd0c) Importer(815301076,1909f56bfc062723c751e8b465ee728b)
Start importing Assets/raizes/planta/broto_00030.png using Guid(e960d3bec28a7904b8b4a4543501bd0c) Importer(815301076,1909f56bfc062723c751e8b465ee728b)  -> (artifact id: '0c4008000a7f98f392d487450524aa4a') in 0.060062 seconds 
========================================================================
Received Import Request.
  Time since last request: 0.000025 seconds.
  path: Assets/raizes/planta/broto_00028.png
  artifactKey: Guid(aef35876ea09bdd4abbb982f87c5962b) Importer(815301076,1909f56bfc062723c751e8b465ee728b)
Start importing Assets/raizes/planta/broto_00028.png using Guid(aef35876ea09bdd4abbb982f87c5962b) Importer(815301076,1909f56bfc062723c751e8b465ee728b)  -> (artifact id: '1ab0fbc67eea575bca48fa5c3ff6da73') in 0.010748 seconds 
========================================================================
Received Import Request.
  Time since last request: 0.000022 seconds.
  path: Assets/raizes/planta/planta media_00015.png
  artifactKey: Guid(806be79e3b091f24690f5f390cc133ca) Importer(815301076,1909f56bfc062723c751e8b465ee728b)
Start importing Assets/raizes/planta/planta media_00015.png using Guid(806be79e3b091f24690f5f390cc133ca) Importer(815301076,1909f56bfc062723c751e8b465ee728b)  -> (artifact id: 'd52f413037124fe16a989d1d0b50f5f0') in 0.010622 seconds 
========================================================================
Received Import Request.
  Time since last request: 0.000024 seconds.
  path: Assets/raizes/planta/planta media_00011.png
  artifactKey: Guid(ee164fb12e201ae48b289e4eafd3c48b) Importer(815301076,1909f56bfc062723c751e8b465ee728b)
Start importing Assets/raizes/planta/planta media_00011.png using Guid(ee164fb12e201ae48b289e4eafd3c48b) Importer(815301076,1909f56bfc062723c751e8b465ee728b)  -> (artifact id: '4aacf1e9a1f88465d456b86ee719c459') in 0.009985 seconds 
========================================================================
Received Import Request.
  Time since last request: 0.000030 seconds.
  path: Assets/raizes/planta/planta media_00006.png
  artifactKey: Guid(e87f8fdc0889349429b3265532865e25) Importer(815301076,1909f56bfc062723c751e8b465ee728b)
Start importing Assets/raizes/planta/planta media_00006.png using Guid(e87f8fdc0889349429b3265532865e25) Importer(815301076,1909f56bfc062723c751e8b465ee728b)  -> (artifact id: '7f94db786441658949ce94d827e804a4') in 0.012361 seconds 
========================================================================
Received Import Request.
  Time since last request: 0.000026 seconds.
  path: Assets/raizes/planta/broto_00016.png
  artifactKey: Guid(a6140cb5f56d55e48bdc402d8ddc36a3) Importer(815301076,1909f56bfc062723c751e8b465ee728b)
Start importing Assets/raizes/planta/broto_00016.png using Guid(a6140cb5f56d55e48bdc402d8ddc36a3) Importer(815301076,1909f56bfc062723c751e8b465ee728b)  -> (artifact id: '640f1c4902a10193b5c0939f02fbabbe') in 0.011229 seconds 
========================================================================
Received Import Request.
  Time since last request: 0.000022 seconds.
  path: Assets/raizes/planta/planta media_00010.png
  artifactKey: Guid(a0bf9ed943c99364a9869b76f9c0bb39) Importer(815301076,1909f56bfc062723c751e8b465ee728b)
Start importing Assets/raizes/planta/planta media_00010.png using Guid(a0bf9ed943c99364a9869b76f9c0bb39) Importer(815301076,1909f56bfc062723c751e8b465ee728b)  -> (artifact id: 'b3ad71733e34bdcd22b68f00813b0d11') in 0.011005 seconds 
========================================================================
Received Import Request.
  Time since last request: 0.000026 seconds.
  path: Assets/raizes/planta/planta media_00017.png
  artifactKey: Guid(1e3b3a89908117c418719ca4585976da) Importer(815301076,1909f56bfc062723c751e8b465ee728b)
Start importing Assets/raizes/planta/planta media_00017.png using Guid(1e3b3a89908117c418719ca4585976da) Importer(815301076,1909f56bfc062723c751e8b465ee728b)  -> (artifact id: '13db8f0feef8e35df1ce7b4d25998c3e') in 0.010853 seconds 
========================================================================
Received Import Request.
  Time since last request: 0.000022 seconds.
  path: Assets/raizes/planta/broto_00018.png
  artifactKey: Guid(ec5d006b4faa855489cf733fc8c50453) Importer(815301076,1909f56bfc062723c751e8b465ee728b)
Start importing Assets/raizes/planta/broto_00018.png using Guid(ec5d006b4faa855489cf733fc8c50453) Importer(815301076,1909f56bfc062723c751e8b465ee728b)  -> (artifact id: 'eb62a6c50daec0d6e7ccffa5d510c24b') in 0.011172 seconds 
========================================================================
Received Import Request.
  Time since last request: 0.000025 seconds.
  path: Assets/raizes/planta/broto_00013.png
  artifactKey: Guid(7074897b5190c8d46b99225bab39a64e) Importer(815301076,1909f56bfc062723c751e8b465ee728b)
Start importing Assets/raizes/planta/broto_00013.png using Guid(7074897b5190c8d46b99225bab39a64e) Importer(815301076,1909f56bfc062723c751e8b465ee728b)  -> (artifact id: '113bc7368999155c9ab7ac86ddabfb3c') in 0.010781 seconds 
========================================================================
Received Import Request.
  Time since last request: 0.000028 seconds.
  path: Assets/raizes/planta/broto_00025.png
  artifactKey: Guid(2cbfcf3ea05d7d04c8bc72a626a29cf6) Importer(815301076,1909f56bfc062723c751e8b465ee728b)
Start importing Assets/raizes/planta/broto_00025.png using Guid(2cbfcf3ea05d7d04c8bc72a626a29cf6) Importer(815301076,1909f56bfc062723c751e8b465ee728b)  -> (artifact id: '6f33fed36dbf431f856c9ecc0bb1010a') in 0.011895 seconds 
========================================================================
Received Import Request.
  Time since last request: 0.000029 seconds.
  path: Assets/raizes/planta/planta media_00016.png
  artifactKey: Guid(01bb453ae566fcc41aa53e352ee75923) Importer(815301076,1909f56bfc062723c751e8b465ee728b)
Start importing Assets/raizes/planta/planta media_00016.png using Guid(01bb453ae566fcc41aa53e352ee75923) Importer(815301076,1909f56bfc062723c751e8b465ee728b)  -> (artifact id: 'e166dc12f22f65ee0a5bd8b6cc5d12e9') in 0.012959 seconds 
========================================================================
Received Import Request.
  Time since last request: 0.000036 seconds.
  path: Assets/raizes/planta/broto_00010.png
  artifactKey: Guid(b747e0dd45043564c8d3019492dbca61) Importer(815301076,1909f56bfc062723c751e8b465ee728b)
Start importing Assets/raizes/planta/broto_00010.png using Guid(b747e0dd45043564c8d3019492dbca61) Importer(815301076,1909f56bfc062723c751e8b465ee728b)  -> (artifact id: 'ceae9ca50cdd5d7a77002544a45cee6e') in 0.012626 seconds 
========================================================================
Received Import Request.
  Time since last request: 0.000027 seconds.
  path: Assets/raizes/planta/planta media_00001.png
  artifactKey: Guid(05cfe6abfe9ba9241a05cf2314f88708) Importer(815301076,1909f56bfc062723c751e8b465ee728b)
Start importing Assets/raizes/planta/planta media_00001.png using Guid(05cfe6abfe9ba9241a05cf2314f88708) Importer(815301076,1909f56bfc062723c751e8b465ee728b)  -> (artifact id: 'c955a3047eef8651940678a2feb6a24e') in 0.018853 seconds 
========================================================================
Received Import Request.
  Time since last request: 0.000033 seconds.
  path: Assets/raizes/planta/broto_00032.png
  artifactKey: Guid(33ffba2e69c16c949b0f86a92484287f) Importer(815301076,1909f56bfc062723c751e8b465ee728b)
Start importing Assets/raizes/planta/broto_00032.png using Guid(33ffba2e69c16c949b0f86a92484287f) Importer(815301076,1909f56bfc062723c751e8b465ee728b)  -> (artifact id: 'f4b4d8862f9e4fd95a52295a46cfe1e5') in 0.013033 seconds 
========================================================================
Received Import Request.
  Time since last request: 0.000022 seconds.
  path: Assets/raizes/planta/broto_00031.png
  artifactKey: Guid(2facad0d8e7b18143b5700f0a7bb03d4) Importer(815301076,1909f56bfc062723c751e8b465ee728b)
Start importing Assets/raizes/planta/broto_00031.png using Guid(2facad0d8e7b18143b5700f0a7bb03d4) Importer(815301076,1909f56bfc062723c751e8b465ee728b)  -> (artifact id: '3dcb514155891c6059da7ba8d3857733') in 0.012475 seconds 
========================================================================
Received Import Request.
  Time since last request: 0.000036 seconds.
  path: Assets/raizes/planta/broto_00005.png
  artifactKey: Guid(654afaa8fa2341e459117e59fb4f718b) Importer(815301076,1909f56bfc062723c751e8b465ee728b)
Start importing Assets/raizes/planta/broto_00005.png using Guid(654afaa8fa2341e459117e59fb4f718b) Importer(815301076,1909f56bfc062723c751e8b465ee728b)  -> (artifact id: '1c5176096de1a4bd1fb035d0abea542c') in 0.013708 seconds 
========================================================================
Received Import Request.
  Time since last request: 0.000024 seconds.
  path: Assets/raizes/planta/broto_00007.png
  artifactKey: Guid(a7892024fb0714d4fba334fb6d38c027) Importer(815301076,1909f56bfc062723c751e8b465ee728b)
Start importing Assets/raizes/planta/broto_00007.png using Guid(a7892024fb0714d4fba334fb6d38c027) Importer(815301076,1909f56bfc062723c751e8b465ee728b)  -> (artifact id: '32f58eed4065c10ccd5f770ff227ea76') in 0.013443 seconds 
========================================================================
Received Import Request.
  Time since last request: 0.000038 seconds.
  path: Assets/raizes/planta/broto_00033.png
  artifactKey: Guid(d6b16f3f50dc55c4f83eafc7cba22be5) Importer(815301076,1909f56bfc062723c751e8b465ee728b)
Start importing Assets/raizes/planta/broto_00033.png using Guid(d6b16f3f50dc55c4f83eafc7cba22be5) Importer(815301076,1909f56bfc062723c751e8b465ee728b)  -> (artifact id: 'c7933a815f9ed121003d1bbf2327267c') in 0.011930 seconds 
========================================================================
Received Import Request.
  Time since last request: 0.000018 seconds.
  path: Assets/raizes/planta/planta media_00003.png
  artifactKey: Guid(803bb9a9265977548994e250fabf4af0) Importer(815301076,1909f56bfc062723c751e8b465ee728b)
Start importing Assets/raizes/planta/planta media_00003.png using Guid(803bb9a9265977548994e250fabf4af0) Importer(815301076,1909f56bfc062723c751e8b465ee728b)  -> (artifact id: '37985d60af369420eb2523122ae25fba') in 0.012957 seconds 
========================================================================
Received Import Request.
  Time since last request: 0.000025 seconds.
  path: Assets/raizes/planta/broto_00006.png
  artifactKey: Guid(9623acea7584d3747aaf26ac4d2cf7a8) Importer(815301076,1909f56bfc062723c751e8b465ee728b)
Start importing Assets/raizes/planta/broto_00006.png using Guid(9623acea7584d3747aaf26ac4d2cf7a8) Importer(815301076,1909f56bfc062723c751e8b465ee728b)  -> (artifact id: '3c08c0d70a5d4bf3d7d4e4d5cd5b50d5') in 0.012820 seconds 
========================================================================
Received Import Request.
  Time since last request: 0.000028 seconds.
  path: Assets/raizes/planta/broto_00015.png
  artifactKey: Guid(fa82950866481e64a8b6bb862a476343) Importer(815301076,1909f56bfc062723c751e8b465ee728b)
Start importing Assets/raizes/planta/broto_00015.png using Guid(fa82950866481e64a8b6bb862a476343) Importer(815301076,1909f56bfc062723c751e8b465ee728b)  -> (artifact id: '21db1ee5eb0ad9f16a6a336c1b1a382d') in 0.013532 seconds 
========================================================================
Received Import Request.
  Time since last request: 0.000031 seconds.
  path: Assets/raizes/planta/broto_00014.png
  artifactKey: Guid(812f8f876940812469d4d77823d044cb) Importer(815301076,1909f56bfc062723c751e8b465ee728b)
Start importing Assets/raizes/planta/broto_00014.png using Guid(812f8f876940812469d4d77823d044cb) Importer(815301076,1909f56bfc062723c751e8b465ee728b)  -> (artifact id: '6b6f63e39effc53acd5d0766b64fe247') in 0.013123 seconds 
========================================================================
Received Import Request.
  Time since last request: 0.000028 seconds.
  path: Assets/raizes/planta/broto_00034.png
  artifactKey: Guid(34ca4a0a1b98a3845b33ab7fc1622bb8) Importer(815301076,1909f56bfc062723c751e8b465ee728b)
Start importing Assets/raizes/planta/broto_00034.png using Guid(34ca4a0a1b98a3845b33ab7fc1622bb8) Importer(815301076,1909f56bfc062723c751e8b465ee728b)  -> (artifact id: '8df825e3000bfeb687b5798ce76a2489') in 0.012153 seconds 
========================================================================
Received Import Request.
  Time since last request: 0.000036 seconds.
  path: Assets/raizes/planta/planta media_00013.png
  artifactKey: Guid(72a6978449c089c49a63d87779dc8e3b) Importer(815301076,1909f56bfc062723c751e8b465ee728b)
Start importing Assets/raizes/planta/planta media_00013.png using Guid(72a6978449c089c49a63d87779dc8e3b) Importer(815301076,1909f56bfc062723c751e8b465ee728b)  -> (artifact id: '8197a8dd564b1176c8a703e190b6c5c9') in 0.012620 seconds 
========================================================================
Received Import Request.
  Time since last request: 0.000024 seconds.
  path: Assets/raizes/planta/planta media_00004.png
  artifactKey: Guid(f239f21f4f83ef94fab1a05d6b09df9a) Importer(815301076,1909f56bfc062723c751e8b465ee728b)
Start importing Assets/raizes/planta/planta media_00004.png using Guid(f239f21f4f83ef94fab1a05d6b09df9a) Importer(815301076,1909f56bfc062723c751e8b465ee728b)  -> (artifact id: '48041e2ca2033aedb6cafdec7b070c96') in 0.011216 seconds 
========================================================================
Received Import Request.
  Time since last request: 0.000026 seconds.
  path: Assets/raizes/planta/planta media_00002.png
  artifactKey: Guid(cf949b4bc73c13c449c427d0f7c6500c) Importer(815301076,1909f56bfc062723c751e8b465ee728b)
Start importing Assets/raizes/planta/planta media_00002.png using Guid(cf949b4bc73c13c449c427d0f7c6500c) Importer(815301076,1909f56bfc062723c751e8b465ee728b)  -> (artifact id: '9b57320c64775c72a87670b2cde82f43') in 0.010729 seconds 
========================================================================
Received Import Request.
  Time since last request: 0.000028 seconds.
  path: Assets/raizes/planta/broto_00017.png
  artifactKey: Guid(4ad6f991a6b06b2458d778d8de2e5159) Importer(815301076,1909f56bfc062723c751e8b465ee728b)
Start importing Assets/raizes/planta/broto_00017.png using Guid(4ad6f991a6b06b2458d778d8de2e5159) Importer(815301076,1909f56bfc062723c751e8b465ee728b)  -> (artifact id: '967fc28b2520a51f25e6ceba0c4db8f0') in 0.009607 seconds 
========================================================================
Received Import Request.
  Time since last request: 40.034304 seconds.
  path: Assets/raizes/planta/broto_00001.png
  artifactKey: Guid(cadcf651a4d3f0147b6197fe251ec610) Importer(815301076,1909f56bfc062723c751e8b465ee728b)
Start importing Assets/raizes/planta/broto_00001.png using Guid(cadcf651a4d3f0147b6197fe251ec610) Importer(815301076,1909f56bfc062723c751e8b465ee728b)  -> (artifact id: '3fa0661bbb0d22ff85e4a6355b2b1e4c') in 0.072903 seconds 
========================================================================
Received Import Request.
  Time since last request: 0.000027 seconds.
  path: Assets/raizes/planta/broto_00030.png
  artifactKey: Guid(e960d3bec28a7904b8b4a4543501bd0c) Importer(815301076,1909f56bfc062723c751e8b465ee728b)
Start importing Assets/raizes/planta/broto_00030.png using Guid(e960d3bec28a7904b8b4a4543501bd0c) Importer(815301076,1909f56bfc062723c751e8b465ee728b)  -> (artifact id: '1eae832747b3d5c4e1b2a7ca8c4a13ae') in 0.022487 seconds 
========================================================================
Received Import Request.
  Time since last request: 0.000025 seconds.
  path: Assets/raizes/planta/broto_00028.png
  artifactKey: Guid(aef35876ea09bdd4abbb982f87c5962b) Importer(815301076,1909f56bfc062723c751e8b465ee728b)
Start importing Assets/raizes/planta/broto_00028.png using Guid(aef35876ea09bdd4abbb982f87c5962b) Importer(815301076,1909f56bfc062723c751e8b465ee728b)  -> (artifact id: '0e62206d2c02d5a26c825fd690c4c760') in 0.019787 seconds 
========================================================================
Received Import Request.
  Time since last request: 0.000031 seconds.
  path: Assets/raizes/planta/broto_00026.png
  artifactKey: Guid(943db4cae64d9524482a0e7372a80d6b) Importer(815301076,1909f56bfc062723c751e8b465ee728b)
Start importing Assets/raizes/planta/broto_00026.png using Guid(943db4cae64d9524482a0e7372a80d6b) Importer(815301076,1909f56bfc062723c751e8b465ee728b)  -> (artifact id: '77edd2c2767737e4acb0e0312a82552b') in 0.019083 seconds 
========================================================================
Received Import Request.
  Time since last request: 0.000030 seconds.
  path: Assets/raizes/planta/planta media_00011.png
  artifactKey: Guid(ee164fb12e201ae48b289e4eafd3c48b) Importer(815301076,1909f56bfc062723c751e8b465ee728b)
Start importing Assets/raizes/planta/planta media_00011.png using Guid(ee164fb12e201ae48b289e4eafd3c48b) Importer(815301076,1909f56bfc062723c751e8b465ee728b)  -> (artifact id: '064c08d943a8f3f598d0db65fb97c3b1') in 0.023290 seconds 
========================================================================
Received Import Request.
  Time since last request: 0.000033 seconds.
  path: Assets/raizes/planta/broto_00016.png
  artifactKey: Guid(a6140cb5f56d55e48bdc402d8ddc36a3) Importer(815301076,1909f56bfc062723c751e8b465ee728b)
Start importing Assets/raizes/planta/broto_00016.png using Guid(a6140cb5f56d55e48bdc402d8ddc36a3) Importer(815301076,1909f56bfc062723c751e8b465ee728b)  -> (artifact id: '9d8d9037820b24b5e2710c286902a612') in 0.021949 seconds 
========================================================================
Received Import Request.
  Time since last request: 0.000028 seconds.
  path: Assets/raizes/planta/planta media_00010.png
  artifactKey: Guid(a0bf9ed943c99364a9869b76f9c0bb39) Importer(815301076,1909f56bfc062723c751e8b465ee728b)
Start importing Assets/raizes/planta/planta media_00010.png using Guid(a0bf9ed943c99364a9869b76f9c0bb39) Importer(815301076,1909f56bfc062723c751e8b465ee728b)  -> (artifact id: '3a34cd503d2fd890547aa1f7e5e53d4b') in 0.021265 seconds 
========================================================================
Received Import Request.
  Time since last request: 0.000034 seconds.
  path: Assets/raizes/planta/planta media_00018.png
  artifactKey: Guid(d2e77f576c06c074285952995ca29049) Importer(815301076,1909f56bfc062723c751e8b465ee728b)
Start importing Assets/raizes/planta/planta media_00018.png using Guid(d2e77f576c06c074285952995ca29049) Importer(815301076,1909f56bfc062723c751e8b465ee728b)  -> (artifact id: 'fec8b855db728a60539a283f92b8ed19') in 0.022336 seconds 
========================================================================
Received Import Request.
  Time since last request: 0.000034 seconds.
  path: Assets/raizes/planta/broto_00025.png
  artifactKey: Guid(2cbfcf3ea05d7d04c8bc72a626a29cf6) Importer(815301076,1909f56bfc062723c751e8b465ee728b)
Start importing Assets/raizes/planta/broto_00025.png using Guid(2cbfcf3ea05d7d04c8bc72a626a29cf6) Importer(815301076,1909f56bfc062723c751e8b465ee728b)  -> (artifact id: '6d54278d5e89d4b45da1e814f3df81fc') in 0.019140 seconds 
========================================================================
Received Import Request.
  Time since last request: 0.000023 seconds.
  path: Assets/raizes/planta/planta media_00016.png
  artifactKey: Guid(01bb453ae566fcc41aa53e352ee75923) Importer(815301076,1909f56bfc062723c751e8b465ee728b)
Start importing Assets/raizes/planta/planta media_00016.png using Guid(01bb453ae566fcc41aa53e352ee75923) Importer(815301076,1909f56bfc062723c751e8b465ee728b)  -> (artifact id: 'ae0a5eb741f2a8dca5a7e10d987c0967') in 0.020573 seconds 
========================================================================
Received Import Request.
  Time since last request: 0.000036 seconds.
  path: Assets/raizes/planta/planta media_00008.png
  artifactKey: Guid(16bcb93415172b44b991bb382b6ab314) Importer(815301076,1909f56bfc062723c751e8b465ee728b)
Start importing Assets/raizes/planta/planta media_00008.png using Guid(16bcb93415172b44b991bb382b6ab314) Importer(815301076,1909f56bfc062723c751e8b465ee728b)  -> (artifact id: 'e34556747b6c0fbdc753d86c7cf9856a') in 0.022259 seconds 
========================================================================
Received Import Request.
  Time since last request: 0.000027 seconds.
  path: Assets/raizes/planta/broto_00032.png
  artifactKey: Guid(33ffba2e69c16c949b0f86a92484287f) Importer(815301076,1909f56bfc062723c751e8b465ee728b)
Start importing Assets/raizes/planta/broto_00032.png using Guid(33ffba2e69c16c949b0f86a92484287f) Importer(815301076,1909f56bfc062723c751e8b465ee728b)  -> (artifact id: '2d645109f425f7bbe518fd8375dec41e') in 0.020218 seconds 
========================================================================
Received Import Request.
  Time since last request: 0.000024 seconds.
  path: Assets/raizes/planta/broto_00007.png
  artifactKey: Guid(a7892024fb0714d4fba334fb6d38c027) Importer(815301076,1909f56bfc062723c751e8b465ee728b)
Start importing Assets/raizes/planta/broto_00007.png using Guid(a7892024fb0714d4fba334fb6d38c027) Importer(815301076,1909f56bfc062723c751e8b465ee728b)  -> (artifact id: 'fce20c42ff4375cf28aee7325523f62a') in 0.019670 seconds 
========================================================================
Received Import Request.
  Time since last request: 0.000040 seconds.
  path: Assets/raizes/planta/broto_00033.png
  artifactKey: Guid(d6b16f3f50dc55c4f83eafc7cba22be5) Importer(815301076,1909f56bfc062723c751e8b465ee728b)
Start importing Assets/raizes/planta/broto_00033.png using Guid(d6b16f3f50dc55c4f83eafc7cba22be5) Importer(815301076,1909f56bfc062723c751e8b465ee728b)  -> (artifact id: '6e55ee8302e06c05caf933267dd55346') in 0.018626 seconds 
========================================================================
Received Import Request.
  Time since last request: 0.000036 seconds.
  path: Assets/raizes/planta/broto_00012.png
  artifactKey: Guid(c70fa0eb8ddd0d8428f990fc34fadd5c) Importer(815301076,1909f56bfc062723c751e8b465ee728b)
Start importing Assets/raizes/planta/broto_00012.png using Guid(c70fa0eb8ddd0d8428f990fc34fadd5c) Importer(815301076,1909f56bfc062723c751e8b465ee728b)  -> (artifact id: '763898f012c30d0869d25d8e30b1581f') in 0.021809 seconds 
========================================================================
Received Import Request.
  Time since last request: 0.000031 seconds.
  path: Assets/raizes/planta/broto_00003.png
  artifactKey: Guid(ea6f2ed1c3ed1c746a3047cf22323707) Importer(815301076,1909f56bfc062723c751e8b465ee728b)
Start importing Assets/raizes/planta/broto_00003.png using Guid(ea6f2ed1c3ed1c746a3047cf22323707) Importer(815301076,1909f56bfc062723c751e8b465ee728b)  -> (artifact id: '1a804633b1e33047902db8e1fa5927e2') in 0.019710 seconds 
========================================================================
Received Import Request.
  Time since last request: 0.000027 seconds.
  path: Assets/raizes/planta/broto_00034.png
  artifactKey: Guid(34ca4a0a1b98a3845b33ab7fc1622bb8) Importer(815301076,1909f56bfc062723c751e8b465ee728b)
Start importing Assets/raizes/planta/broto_00034.png using Guid(34ca4a0a1b98a3845b33ab7fc1622bb8) Importer(815301076,1909f56bfc062723c751e8b465ee728b)  -> (artifact id: '5b5577c6d8da67d80dd20b10d61a400d') in 0.018576 seconds 
========================================================================
Received Import Request.
  Time since last request: 0.000021 seconds.
  path: Assets/raizes/planta/planta media_00019.png
  artifactKey: Guid(130c4348651d92f4ea4ef30326809c68) Importer(815301076,1909f56bfc062723c751e8b465ee728b)
Start importing Assets/raizes/planta/planta media_00019.png using Guid(130c4348651d92f4ea4ef30326809c68) Importer(815301076,1909f56bfc062723c751e8b465ee728b)  -> (artifact id: 'c955d431183c5f0562c2a059bd0af4cb') in 0.022058 seconds 
========================================================================
Received Import Request.
  Time since last request: 0.000031 seconds.
  path: Assets/raizes/planta/planta media_00002.png
  artifactKey: Guid(cf949b4bc73c13c449c427d0f7c6500c) Importer(815301076,1909f56bfc062723c751e8b465ee728b)
Start importing Assets/raizes/planta/planta media_00002.png using Guid(cf949b4bc73c13c449c427d0f7c6500c) Importer(815301076,1909f56bfc062723c751e8b465ee728b)  -> (artifact id: 'd3a106721e91ae86b38125965e1ef1de') in 0.020919 seconds 
Editor requested this worker to shutdown with reason: Scaling down because of idle timeout
AssetImportWorker is now disconnected from the server
Process exiting
Exiting without the bug reporter. Application will terminate with return code 0