Using pre-set license
Built from '2021.3/staging' branch; Version is '2021.3.16f1 (4016570cf34f) revision 4200023'; Using compiler version '192829333'; Build Type 'Release'
OS: 'Windows 10  (10.0.19044) 64bit Professional' Language: 'pt' Physical Memory: 16332 MB
BatchMode: 1, IsHumanControllingUs: 0, StartBugReporterOnCrash: 0, Is64bit: 1, IsPro: 1

COMMAND LINE ARGUMENTS:
D:\unity\editor\2021.3.16f1\Editor\Unity.exe
-adb2
-batchMode
-noUpm
-name
AssetImportWorker5
-projectPath
D:/roots/My project (3)
-logFile
Logs/AssetImportWorker5.log
-srvPort
49934
Successfully changed project path to: D:/roots/My project (3)
D:/roots/My project (3)
[UnityMemory] Configuration Parameters - Can be set up in boot.config
    "memorysetup-bucket-allocator-granularity=16"
    "memorysetup-bucket-allocator-bucket-count=8"
    "memorysetup-bucket-allocator-block-size=33554432"
    "memorysetup-bucket-allocator-block-count=8"
    "memorysetup-main-allocator-block-size=16777216"
    "memorysetup-thread-allocator-block-size=16777216"
    "memorysetup-gfx-main-allocator-block-size=16777216"
    "memorysetup-gfx-thread-allocator-block-size=16777216"
    "memorysetup-cache-allocator-block-size=4194304"
    "memorysetup-typetree-allocator-block-size=2097152"
    "memorysetup-profiler-bucket-allocator-granularity=16"
    "memorysetup-profiler-bucket-allocator-bucket-count=8"
    "memorysetup-profiler-bucket-allocator-block-size=33554432"
    "memorysetup-profiler-bucket-allocator-block-count=8"
    "memorysetup-profiler-allocator-block-size=16777216"
    "memorysetup-profiler-editor-allocator-block-size=1048576"
    "memorysetup-temp-allocator-size-main=16777216"
    "memorysetup-job-temp-allocator-block-size=2097152"
    "memorysetup-job-temp-allocator-block-size-background=1048576"
    "memorysetup-job-temp-allocator-reduction-small-platforms=262144"
    "memorysetup-temp-allocator-size-background-worker=32768"
    "memorysetup-temp-allocator-size-job-worker=262144"
    "memorysetup-temp-allocator-size-preload-manager=33554432"
    "memorysetup-temp-allocator-size-nav-mesh-worker=65536"
    "memorysetup-temp-allocator-size-audio-worker=65536"
    "memorysetup-temp-allocator-size-cloud-worker=32768"
    "memorysetup-temp-allocator-size-gi-baking-worker=262144"
    "memorysetup-temp-allocator-size-gfx=262144"
Player connection [62656] Host "[IP] 172.25.176.1 [Port] 0 [Flags] 2 [Guid] 1804977324 [EditorId] 1804977324 [Version] 1048832 [Id] WindowsEditor(7,DESKTOP-G54P02N) [Debug] 1 [PackageName] WindowsEditor [ProjectName] Editor" joined multi-casting on [225.0.0.222:54997]...

Player connection [62656] Host "[IP] 172.25.176.1 [Port] 0 [Flags] 2 [Guid] 1804977324 [EditorId] 1804977324 [Version] 1048832 [Id] WindowsEditor(7,DESKTOP-G54P02N) [Debug] 1 [PackageName] WindowsEditor [ProjectName] Editor" joined alternative multi-casting on [225.0.0.222:34997]...

Refreshing native plugins compatible for Editor in 92.16 ms, found 3 plugins.
Preloading 0 native plugins for Editor in 0.00 ms.
Initialize engine version: 2021.3.16f1 (4016570cf34f)
[Subsystems] Discovering subsystems at path D:/unity/editor/2021.3.16f1/Editor/Data/Resources/UnitySubsystems
[Subsystems] Discovering subsystems at path D:/roots/My project (3)/Assets
GfxDevice: creating device client; threaded=0; jobified=0
Direct3D:
    Version:  Direct3D 11.0 [level 11.1]
    Renderer: Radeon RX 570 Series (ID=0x67df)
    Vendor:   ATI
    VRAM:     4074 MB
    Driver:   31.0.12027.7000
Initialize mono
Mono path[0] = 'D:/unity/editor/2021.3.16f1/Editor/Data/Managed'
Mono path[1] = 'D:/unity/editor/2021.3.16f1/Editor/Data/MonoBleedingEdge/lib/mono/unityjit-win32'
Mono config path = 'D:/unity/editor/2021.3.16f1/Editor/Data/MonoBleedingEdge/etc'
Using monoOptions --debugger-agent=transport=dt_socket,embedding=1,server=y,suspend=n,address=127.0.0.1:56872
Begin MonoManager ReloadAssembly
Registering precompiled unity dll's ...
Register platform support module: D:/unity/editor/2021.3.16f1/Editor/Data/PlaybackEngines/WebGLSupport/UnityEditor.WebGL.Extensions.dll
Register platform support module: D:/unity/editor/2021.3.16f1/Editor/Data/PlaybackEngines/WindowsStandaloneSupport/UnityEditor.WindowsStandalone.Extensions.dll
Registered in 0.004612 seconds.
Native extension for WindowsStandalone target not found
Native extension for WebGL target not found
Refreshing native plugins compatible for Editor in 83.16 ms, found 3 plugins.
Preloading 0 native plugins for Editor in 0.00 ms.
Mono: successfully reloaded assembly
- Completed reload, in  0.557 seconds
Domain Reload Profiling:
	ReloadAssembly (557ms)
		BeginReloadAssembly (67ms)
			ExecutionOrderSort (0ms)
			DisableScriptedObjects (0ms)
			BackupInstance (0ms)
			ReleaseScriptingObjects (0ms)
			CreateAndSetChildDomain (1ms)
		EndReloadAssembly (390ms)
			LoadAssemblies (66ms)
			RebuildTransferFunctionScriptingTraits (0ms)
			SetupTypeCache (88ms)
			ReleaseScriptCaches (0ms)
			RebuildScriptCaches (25ms)
			SetupLoadedEditorAssemblies (234ms)
				LogAssemblyErrors (0ms)
				InitializePlatformSupportModulesInManaged (8ms)
				SetLoadedEditorAssemblies (0ms)
				RefreshPlugins (83ms)
				BeforeProcessingInitializeOnLoad (1ms)
				ProcessInitializeOnLoadAttributes (104ms)
				ProcessInitializeOnLoadMethodAttributes (37ms)
				AfterProcessingInitializeOnLoad (0ms)
				EditorAssembliesLoaded (0ms)
			ExecutionOrderSort2 (0ms)
			AwakeInstancesAfterBackupRestoration (0ms)
Platform modules already initialized, skipping
Registering precompiled user dll's ...
Registered in 0.004414 seconds.
Begin MonoManager ReloadAssembly
Symbol file LoadedFromMemory doesn't match image D:\roots\My project (3)\Library\PackageCache\com.unity.visualscripting@1.7.8\Editor\VisualScripting.Core\Dependencies\YamlDotNet\Unity.VisualScripting.YamlDotNet.dll
Symbol file LoadedFromMemory doesn't match image D:\roots\My project (3)\Library\PackageCache\com.unity.visualscripting@1.7.8\Editor\VisualScripting.Core\Dependencies\DotNetZip\Unity.VisualScripting.IonicZip.dll
Native extension for WindowsStandalone target not found
Native extension for WebGL target not found
Refreshing native plugins compatible for Editor in 0.65 ms, found 3 plugins.
Preloading 0 native plugins for Editor in 0.00 ms.
Mono: successfully reloaded assembly
- Completed reload, in  0.870 seconds
Domain Reload Profiling:
	ReloadAssembly (871ms)
		BeginReloadAssembly (96ms)
			ExecutionOrderSort (0ms)
			DisableScriptedObjects (5ms)
			BackupInstance (0ms)
			ReleaseScriptingObjects (0ms)
			CreateAndSetChildDomain (19ms)
		EndReloadAssembly (676ms)
			LoadAssemblies (65ms)
			RebuildTransferFunctionScriptingTraits (0ms)
			SetupTypeCache (230ms)
			ReleaseScriptCaches (1ms)
			RebuildScriptCaches (41ms)
			SetupLoadedEditorAssemblies (305ms)
				LogAssemblyErrors (0ms)
				InitializePlatformSupportModulesInManaged (5ms)
				SetLoadedEditorAssemblies (0ms)
				RefreshPlugins (1ms)
				BeforeProcessingInitializeOnLoad (77ms)
				ProcessInitializeOnLoadAttributes (195ms)
				ProcessInitializeOnLoadMethodAttributes (22ms)
				AfterProcessingInitializeOnLoad (5ms)
				EditorAssembliesLoaded (0ms)
			ExecutionOrderSort2 (0ms)
			AwakeInstancesAfterBackupRestoration (5ms)
Platform modules already initialized, skipping
========================================================================
Worker process is ready to serve import requests
Launched and connected shader compiler UnityShaderCompiler.exe after 0.04 seconds
Refreshing native plugins compatible for Editor in 0.72 ms, found 3 plugins.
Preloading 0 native plugins for Editor in 0.00 ms.
Unloading 3366 Unused Serialized files (Serialized files now loaded: 0)
Unloading 27 unused Assets / (113.4 KB). Loaded Objects now: 3828.
Memory consumption went from 116.4 MB to 116.3 MB.
Total: 3.304400 ms (FindLiveObjects: 0.366200 ms CreateObjectMapping: 0.109200 ms MarkObjects: 2.719600 ms  DeleteObjects: 0.108000 ms)

AssetImportParameters requested are different than current active one (requested -> active):
  custom:video-decoder-ogg-theora: a1e56fd34408186e4bbccfd4996cb3dc -> 
  custom:container-muxer-webm: aa71ff27fc2769a1b78a27578f13a17b -> 
  custom:container-demuxer-webm: 4f35f7cbe854078d1ac9338744f61a02 -> 
  custom:video-encoder-webm-vp8: eb34c28f22e8b96e1ab97ce403110664 -> 
  custom:audio-encoder-webm-vorbis: bf7c407c2cedff20999df2af8eb42d56 -> 
  custom:framework-win-MediaFoundation: 216162199b28c13a410421893ffa2e32 -> 
  custom:container-demuxer-ogg: 62fdf1f143b41e24485cea50d1cbac27 -> 
  custom:video-decoder-webm-vp8: 9c59270c3fd7afecdb556c50c9e8de78 -> 
  custom:audio-decoder-ogg-vorbis: bf7c407c2cedff20999df2af8eb42d56 -> 
========================================================================
Received Import Request.
  Time since last request: 212484.621698 seconds.
  path: Assets/sprites/TILES_TEXTURE/TILE_01_SOLO-1_TEXT.png
  artifactKey: Guid(72f78ba127e7f0348b2c6d212a4b7f53) Importer(815301076,1909f56bfc062723c751e8b465ee728b)
Start importing Assets/sprites/TILES_TEXTURE/TILE_01_SOLO-1_TEXT.png using Guid(72f78ba127e7f0348b2c6d212a4b7f53) Importer(815301076,1909f56bfc062723c751e8b465ee728b)  -> (artifact id: '586856f798a6e79de71297fa40490d2d') in 0.188195 seconds 
========================================================================
Received Import Request.
  Time since last request: 0.000025 seconds.
  path: Assets/sprites/TILES_TEXTURE/TILE_06_INTERSEC_3-L_TEXT.png
  artifactKey: Guid(fe9cc97e908922b4695ba4a015ac57b5) Importer(815301076,1909f56bfc062723c751e8b465ee728b)
Start importing Assets/sprites/TILES_TEXTURE/TILE_06_INTERSEC_3-L_TEXT.png using Guid(fe9cc97e908922b4695ba4a015ac57b5) Importer(815301076,1909f56bfc062723c751e8b465ee728b)  -> (artifact id: '10e80da4f57279d9d433dfcf7ffe77c1') in 0.033255 seconds 
========================================================================
Received Import Request.
  Time since last request: 37.824942 seconds.
  path: Assets/sprites/TILES_TEXTURE/TILE_01_SOLO-1_TEXT.png
  artifactKey: Guid(72f78ba127e7f0348b2c6d212a4b7f53) Importer(815301076,1909f56bfc062723c751e8b465ee728b)
Start importing Assets/sprites/TILES_TEXTURE/TILE_01_SOLO-1_TEXT.png using Guid(72f78ba127e7f0348b2c6d212a4b7f53) Importer(815301076,1909f56bfc062723c751e8b465ee728b)  -> (artifact id: 'd252adff8293040e155973ce7013dffe') in 0.042047 seconds 
========================================================================
Received Import Request.
  Time since last request: 0.000027 seconds.
  path: Assets/sprites/TILES_TEXTURE/TILE_03_SOLO-2_TEXT.png
  artifactKey: Guid(c8ffff7fc792ebd4ba44b9e91b0de7e9) Importer(815301076,1909f56bfc062723c751e8b465ee728b)
Start importing Assets/sprites/TILES_TEXTURE/TILE_03_SOLO-2_TEXT.png using Guid(c8ffff7fc792ebd4ba44b9e91b0de7e9) Importer(815301076,1909f56bfc062723c751e8b465ee728b)  -> (artifact id: 'b21dff4afc5a3344e90ebc586af7df90') in 0.037936 seconds 
========================================================================
Received Import Request.
  Time since last request: 0.000025 seconds.
  path: Assets/sprites/TILES_TEXTURE/TILE_07_LENCOL_TEXT.png
  artifactKey: Guid(5d8019e13514d794d9e9b0db279c065e) Importer(815301076,1909f56bfc062723c751e8b465ee728b)
Start importing Assets/sprites/TILES_TEXTURE/TILE_07_LENCOL_TEXT.png using Guid(5d8019e13514d794d9e9b0db279c065e) Importer(815301076,1909f56bfc062723c751e8b465ee728b)  -> (artifact id: '4a6737a7f682d1a469edf753177245d5') in 0.038984 seconds 
========================================================================
Received Import Request.
  Time since last request: 12.604795 seconds.
  path: Assets/sprites/TILES_TEXTURE/TILE_01_SOLO-1_TEXT.png
  artifactKey: Guid(72f78ba127e7f0348b2c6d212a4b7f53) Importer(815301076,1909f56bfc062723c751e8b465ee728b)
Start importing Assets/sprites/TILES_TEXTURE/TILE_01_SOLO-1_TEXT.png using Guid(72f78ba127e7f0348b2c6d212a4b7f53) Importer(815301076,1909f56bfc062723c751e8b465ee728b)  -> (artifact id: '56f47c67ed2afea9d0838274ddf17de3') in 0.036248 seconds 
========================================================================
Received Import Request.
  Time since last request: 0.000024 seconds.
  path: Assets/sprites/TILES_TEXTURE/TILE_03_SOLO-2_TEXT.png
  artifactKey: Guid(c8ffff7fc792ebd4ba44b9e91b0de7e9) Importer(815301076,1909f56bfc062723c751e8b465ee728b)
Start importing Assets/sprites/TILES_TEXTURE/TILE_03_SOLO-2_TEXT.png using Guid(c8ffff7fc792ebd4ba44b9e91b0de7e9) Importer(815301076,1909f56bfc062723c751e8b465ee728b)  -> (artifact id: 'a5661438944afe4703b2963f0a401ba8') in 0.041219 seconds 
========================================================================
Received Import Request.
  Time since last request: 6.864796 seconds.
  path: Assets/sprites/TILES_TEXTURE/TILE_01_SOLO-1_TEXT.png
  artifactKey: Guid(72f78ba127e7f0348b2c6d212a4b7f53) Importer(815301076,1909f56bfc062723c751e8b465ee728b)
Start importing Assets/sprites/TILES_TEXTURE/TILE_01_SOLO-1_TEXT.png using Guid(72f78ba127e7f0348b2c6d212a4b7f53) Importer(815301076,1909f56bfc062723c751e8b465ee728b)  -> (artifact id: '6061233cb82d56f24f969fa5a8bd2ae7') in 0.037219 seconds 
========================================================================
Received Import Request.
  Time since last request: 0.000032 seconds.
  path: Assets/sprites/TILES_TEXTURE/TILE_05_SOLO-3_TEXT.png
  artifactKey: Guid(588de9a497138f746968d5dbbcf371fd) Importer(815301076,1909f56bfc062723c751e8b465ee728b)
Start importing Assets/sprites/TILES_TEXTURE/TILE_05_SOLO-3_TEXT.png using Guid(588de9a497138f746968d5dbbcf371fd) Importer(815301076,1909f56bfc062723c751e8b465ee728b)  -> (artifact id: 'c7c999fb9b4ebbad7233fd66abab5d04') in 0.038109 seconds 
========================================================================
Received Import Request.
  Time since last request: 0.000023 seconds.
  path: Assets/sprites/TILES_TEXTURE/TILE_06_INTERSEC_3-L_TEXT.png
  artifactKey: Guid(fe9cc97e908922b4695ba4a015ac57b5) Importer(815301076,1909f56bfc062723c751e8b465ee728b)
Start importing Assets/sprites/TILES_TEXTURE/TILE_06_INTERSEC_3-L_TEXT.png using Guid(fe9cc97e908922b4695ba4a015ac57b5) Importer(815301076,1909f56bfc062723c751e8b465ee728b)  -> (artifact id: '733ed524dec6055a39954395a22b3315') in 0.033638 seconds 
========================================================================
Received Import Request.
  Time since last request: 103.547774 seconds.
  path: Assets/props/Tale1.prefab
  artifactKey: Guid(e596ee5625d3b004bb0bcba70e3012a0) Importer(815301076,1909f56bfc062723c751e8b465ee728b)
Start importing Assets/props/Tale1.prefab using Guid(e596ee5625d3b004bb0bcba70e3012a0) Importer(815301076,1909f56bfc062723c751e8b465ee728b)  -> (artifact id: '0e3f1123ea37de5b12ae3173a6dfbc79') in 0.047840 seconds 
========================================================================
Received Import Request.
  Time since last request: 0.000039 seconds.
  path: Assets/props/Tale6.prefab
  artifactKey: Guid(e9a6ddd06db9ef248ba9b9de242ab3e6) Importer(815301076,1909f56bfc062723c751e8b465ee728b)
Start importing Assets/props/Tale6.prefab using Guid(e9a6ddd06db9ef248ba9b9de242ab3e6) Importer(815301076,1909f56bfc062723c751e8b465ee728b)  -> (artifact id: 'c434a19daf2b69226078ac2d8e132c05') in 0.015486 seconds 
========================================================================
Received Import Request.
  Time since last request: 0.000040 seconds.
  path: Assets/props/Tale3.prefab
  artifactKey: Guid(ac9c987519318184fb47ea49e35e2cd9) Importer(815301076,1909f56bfc062723c751e8b465ee728b)
Start importing Assets/props/Tale3.prefab using Guid(ac9c987519318184fb47ea49e35e2cd9) Importer(815301076,1909f56bfc062723c751e8b465ee728b)  -> (artifact id: 'a5e4e986506d25a5b8a94ff43626d89a') in 0.015050 seconds 
Editor requested this worker to shutdown with reason: Scaling down because of idle timeout
AssetImportWorker is now disconnected from the server
Process exiting
Exiting without the bug reporter. Application will terminate with return code 0