Using pre-set license
Built from '2021.3/staging' branch; Version is '2021.3.16f1 (4016570cf34f) revision 4200023'; Using compiler version '192829333'; Build Type 'Release'
OS: 'Windows 10  (10.0.19044) 64bit Professional' Language: 'pt' Physical Memory: 16332 MB
BatchMode: 1, IsHumanControllingUs: 0, StartBugReporterOnCrash: 0, Is64bit: 1, IsPro: 1

COMMAND LINE ARGUMENTS:
D:\unity\editor\2021.3.16f1\Editor\Unity.exe
-adb2
-batchMode
-noUpm
-name
AssetImportWorker3
-projectPath
D:/roots/My project (3)
-logFile
Logs/AssetImportWorker3.log
-srvPort
49934
Successfully changed project path to: D:/roots/My project (3)
D:/roots/My project (3)
[UnityMemory] Configuration Parameters - Can be set up in boot.config
    "memorysetup-bucket-allocator-granularity=16"
    "memorysetup-bucket-allocator-bucket-count=8"
    "memorysetup-bucket-allocator-block-size=33554432"
    "memorysetup-bucket-allocator-block-count=8"
    "memorysetup-main-allocator-block-size=16777216"
    "memorysetup-thread-allocator-block-size=16777216"
    "memorysetup-gfx-main-allocator-block-size=16777216"
    "memorysetup-gfx-thread-allocator-block-size=16777216"
    "memorysetup-cache-allocator-block-size=4194304"
    "memorysetup-typetree-allocator-block-size=2097152"
    "memorysetup-profiler-bucket-allocator-granularity=16"
    "memorysetup-profiler-bucket-allocator-bucket-count=8"
    "memorysetup-profiler-bucket-allocator-block-size=33554432"
    "memorysetup-profiler-bucket-allocator-block-count=8"
    "memorysetup-profiler-allocator-block-size=16777216"
    "memorysetup-profiler-editor-allocator-block-size=1048576"
    "memorysetup-temp-allocator-size-main=16777216"
    "memorysetup-job-temp-allocator-block-size=2097152"
    "memorysetup-job-temp-allocator-block-size-background=1048576"
    "memorysetup-job-temp-allocator-reduction-small-platforms=262144"
    "memorysetup-temp-allocator-size-background-worker=32768"
    "memorysetup-temp-allocator-size-job-worker=262144"
    "memorysetup-temp-allocator-size-preload-manager=33554432"
    "memorysetup-temp-allocator-size-nav-mesh-worker=65536"
    "memorysetup-temp-allocator-size-audio-worker=65536"
    "memorysetup-temp-allocator-size-cloud-worker=32768"
    "memorysetup-temp-allocator-size-gi-baking-worker=262144"
    "memorysetup-temp-allocator-size-gfx=262144"
Player connection [31252] Host "[IP] 172.25.176.1 [Port] 0 [Flags] 2 [Guid] 93749949 [EditorId] 93749949 [Version] 1048832 [Id] WindowsEditor(7,DESKTOP-G54P02N) [Debug] 1 [PackageName] WindowsEditor [ProjectName] Editor" joined multi-casting on [225.0.0.222:54997]...

Player connection [31252] Host "[IP] 172.25.176.1 [Port] 0 [Flags] 2 [Guid] 93749949 [EditorId] 93749949 [Version] 1048832 [Id] WindowsEditor(7,DESKTOP-G54P02N) [Debug] 1 [PackageName] WindowsEditor [ProjectName] Editor" joined alternative multi-casting on [225.0.0.222:34997]...

Refreshing native plugins compatible for Editor in 107.74 ms, found 3 plugins.
Preloading 0 native plugins for Editor in 0.00 ms.
Initialize engine version: 2021.3.16f1 (4016570cf34f)
[Subsystems] Discovering subsystems at path D:/unity/editor/2021.3.16f1/Editor/Data/Resources/UnitySubsystems
[Subsystems] Discovering subsystems at path D:/roots/My project (3)/Assets
GfxDevice: creating device client; threaded=0; jobified=0
Direct3D:
    Version:  Direct3D 11.0 [level 11.1]
    Renderer: Radeon RX 570 Series (ID=0x67df)
    Vendor:   ATI
    VRAM:     4074 MB
    Driver:   31.0.12027.7000
Initialize mono
Mono path[0] = 'D:/unity/editor/2021.3.16f1/Editor/Data/Managed'
Mono path[1] = 'D:/unity/editor/2021.3.16f1/Editor/Data/MonoBleedingEdge/lib/mono/unityjit-win32'
Mono config path = 'D:/unity/editor/2021.3.16f1/Editor/Data/MonoBleedingEdge/etc'
Using monoOptions --debugger-agent=transport=dt_socket,embedding=1,server=y,suspend=n,address=127.0.0.1:56772
Begin MonoManager ReloadAssembly
Registering precompiled unity dll's ...
Register platform support module: D:/unity/editor/2021.3.16f1/Editor/Data/PlaybackEngines/WebGLSupport/UnityEditor.WebGL.Extensions.dll
Register platform support module: D:/unity/editor/2021.3.16f1/Editor/Data/PlaybackEngines/WindowsStandaloneSupport/UnityEditor.WindowsStandalone.Extensions.dll
Registered in 0.005585 seconds.
Native extension for WindowsStandalone target not found
Native extension for WebGL target not found
Refreshing native plugins compatible for Editor in 87.64 ms, found 3 plugins.
Preloading 0 native plugins for Editor in 0.00 ms.
Mono: successfully reloaded assembly
- Completed reload, in  0.684 seconds
Domain Reload Profiling:
	ReloadAssembly (685ms)
		BeginReloadAssembly (92ms)
			ExecutionOrderSort (0ms)
			DisableScriptedObjects (0ms)
			BackupInstance (0ms)
			ReleaseScriptingObjects (0ms)
			CreateAndSetChildDomain (1ms)
		EndReloadAssembly (457ms)
			LoadAssemblies (89ms)
			RebuildTransferFunctionScriptingTraits (0ms)
			SetupTypeCache (126ms)
			ReleaseScriptCaches (0ms)
			RebuildScriptCaches (26ms)
			SetupLoadedEditorAssemblies (253ms)
				LogAssemblyErrors (0ms)
				InitializePlatformSupportModulesInManaged (10ms)
				SetLoadedEditorAssemblies (0ms)
				RefreshPlugins (88ms)
				BeforeProcessingInitializeOnLoad (2ms)
				ProcessInitializeOnLoadAttributes (112ms)
				ProcessInitializeOnLoadMethodAttributes (42ms)
				AfterProcessingInitializeOnLoad (0ms)
				EditorAssembliesLoaded (0ms)
			ExecutionOrderSort2 (0ms)
			AwakeInstancesAfterBackupRestoration (0ms)
Platform modules already initialized, skipping
Registering precompiled user dll's ...
Registered in 0.004412 seconds.
Begin MonoManager ReloadAssembly
Symbol file LoadedFromMemory doesn't match image D:\roots\My project (3)\Library\PackageCache\com.unity.visualscripting@1.7.8\Editor\VisualScripting.Core\Dependencies\YamlDotNet\Unity.VisualScripting.YamlDotNet.dll
Symbol file LoadedFromMemory doesn't match image D:\roots\My project (3)\Library\PackageCache\com.unity.visualscripting@1.7.8\Editor\VisualScripting.Core\Dependencies\DotNetZip\Unity.VisualScripting.IonicZip.dll
Native extension for WindowsStandalone target not found
Native extension for WebGL target not found
Refreshing native plugins compatible for Editor in 0.92 ms, found 3 plugins.
Preloading 0 native plugins for Editor in 0.00 ms.
Mono: successfully reloaded assembly
- Completed reload, in  0.930 seconds
Domain Reload Profiling:
	ReloadAssembly (931ms)
		BeginReloadAssembly (106ms)
			ExecutionOrderSort (0ms)
			DisableScriptedObjects (5ms)
			BackupInstance (0ms)
			ReleaseScriptingObjects (0ms)
			CreateAndSetChildDomain (19ms)
		EndReloadAssembly (717ms)
			LoadAssemblies (76ms)
			RebuildTransferFunctionScriptingTraits (0ms)
			SetupTypeCache (253ms)
			ReleaseScriptCaches (1ms)
			RebuildScriptCaches (46ms)
			SetupLoadedEditorAssemblies (315ms)
				LogAssemblyErrors (0ms)
				InitializePlatformSupportModulesInManaged (5ms)
				SetLoadedEditorAssemblies (0ms)
				RefreshPlugins (1ms)
				BeforeProcessingInitializeOnLoad (80ms)
				ProcessInitializeOnLoadAttributes (200ms)
				ProcessInitializeOnLoadMethodAttributes (23ms)
				AfterProcessingInitializeOnLoad (5ms)
				EditorAssembliesLoaded (0ms)
			ExecutionOrderSort2 (0ms)
			AwakeInstancesAfterBackupRestoration (5ms)
Platform modules already initialized, skipping
========================================================================
Worker process is ready to serve import requests
Launched and connected shader compiler UnityShaderCompiler.exe after 0.04 seconds
Refreshing native plugins compatible for Editor in 1.03 ms, found 3 plugins.
Preloading 0 native plugins for Editor in 0.00 ms.
Unloading 3364 Unused Serialized files (Serialized files now loaded: 0)
Unloading 27 unused Assets / (113.4 KB). Loaded Objects now: 3826.
Memory consumption went from 116.3 MB to 116.2 MB.
Total: 3.253100 ms (FindLiveObjects: 0.332200 ms CreateObjectMapping: 0.103400 ms MarkObjects: 2.712000 ms  DeleteObjects: 0.104500 ms)

AssetImportParameters requested are different than current active one (requested -> active):
  custom:video-decoder-ogg-theora: a1e56fd34408186e4bbccfd4996cb3dc -> 
  custom:container-muxer-webm: aa71ff27fc2769a1b78a27578f13a17b -> 
  custom:container-demuxer-webm: 4f35f7cbe854078d1ac9338744f61a02 -> 
  custom:video-encoder-webm-vp8: eb34c28f22e8b96e1ab97ce403110664 -> 
  custom:audio-encoder-webm-vorbis: bf7c407c2cedff20999df2af8eb42d56 -> 
  custom:framework-win-MediaFoundation: 216162199b28c13a410421893ffa2e32 -> 
  custom:container-demuxer-ogg: 62fdf1f143b41e24485cea50d1cbac27 -> 
  custom:video-decoder-webm-vp8: 9c59270c3fd7afecdb556c50c9e8de78 -> 
  custom:audio-decoder-ogg-vorbis: bf7c407c2cedff20999df2af8eb42d56 -> 
========================================================================
Received Import Request.
  Time since last request: 210653.429472 seconds.
  path: Assets/raizes/char/inhame_00002.png
  artifactKey: Guid(4fc959360d12db94b8858ef7bf09e8ab) Importer(815301076,1909f56bfc062723c751e8b465ee728b)
Start importing Assets/raizes/char/inhame_00002.png using Guid(4fc959360d12db94b8858ef7bf09e8ab) Importer(815301076,1909f56bfc062723c751e8b465ee728b)  -> (artifact id: 'edfef4b030d04ab68c390947272bff01') in 0.197829 seconds 
========================================================================
Received Import Request.
  Time since last request: 0.000053 seconds.
  path: Assets/raizes/char/mandioca_00011.png
  artifactKey: Guid(9809ace8fc99772458020a5f96c37c3e) Importer(815301076,1909f56bfc062723c751e8b465ee728b)
Start importing Assets/raizes/char/mandioca_00011.png using Guid(9809ace8fc99772458020a5f96c37c3e) Importer(815301076,1909f56bfc062723c751e8b465ee728b)  -> (artifact id: '0dd2391024a140fed87da9f35dc249f5') in 0.034846 seconds 
========================================================================
Received Import Request.
  Time since last request: 0.000035 seconds.
  path: Assets/raizes/char/inhame_00023.png
  artifactKey: Guid(52cfd3b96b8d8a44ba4567679afab00e) Importer(815301076,1909f56bfc062723c751e8b465ee728b)
Start importing Assets/raizes/char/inhame_00023.png using Guid(52cfd3b96b8d8a44ba4567679afab00e) Importer(815301076,1909f56bfc062723c751e8b465ee728b)  -> (artifact id: '37528186b0f9e58f3c17803f7505ab09') in 0.026710 seconds 
========================================================================
Received Import Request.
  Time since last request: 0.000043 seconds.
  path: Assets/raizes/char/mandioca_00002.png
  artifactKey: Guid(156183f17b0a4ba48a550d2f61d733db) Importer(815301076,1909f56bfc062723c751e8b465ee728b)
Start importing Assets/raizes/char/mandioca_00002.png using Guid(156183f17b0a4ba48a550d2f61d733db) Importer(815301076,1909f56bfc062723c751e8b465ee728b)  -> (artifact id: '3a9b57f4b446cbbc80629a9cbb335748') in 0.029802 seconds 
========================================================================
Received Import Request.
  Time since last request: 0.000081 seconds.
  path: Assets/raizes/char/inhame_00024.png
  artifactKey: Guid(738a46e9fc09ca748ab5c890b61528be) Importer(815301076,1909f56bfc062723c751e8b465ee728b)
Start importing Assets/raizes/char/inhame_00024.png using Guid(738a46e9fc09ca748ab5c890b61528be) Importer(815301076,1909f56bfc062723c751e8b465ee728b)  -> (artifact id: 'd7ea9e91837e6846b66389de41ea0bf5') in 0.029208 seconds 
========================================================================
Received Import Request.
  Time since last request: 0.000032 seconds.
  path: Assets/raizes/char/inhame_00021.png
  artifactKey: Guid(744520d48da4fed49bf4801f3de91632) Importer(815301076,1909f56bfc062723c751e8b465ee728b)
Start importing Assets/raizes/char/inhame_00021.png using Guid(744520d48da4fed49bf4801f3de91632) Importer(815301076,1909f56bfc062723c751e8b465ee728b)  -> (artifact id: '3b585f575d25f3b01e89a7f575ff7877') in 0.029134 seconds 
========================================================================
Received Import Request.
  Time since last request: 0.000034 seconds.
  path: Assets/raizes/char/mandioca_00014.png
  artifactKey: Guid(eff4de4ae8186894d88039a76365381e) Importer(815301076,1909f56bfc062723c751e8b465ee728b)
Start importing Assets/raizes/char/mandioca_00014.png using Guid(eff4de4ae8186894d88039a76365381e) Importer(815301076,1909f56bfc062723c751e8b465ee728b)  -> (artifact id: 'fc2f4a3fe2d9988825b3bddc0ff49eac') in 0.030787 seconds 
========================================================================
Received Import Request.
  Time since last request: 0.000028 seconds.
  path: Assets/raizes/char/mandioca_00013.png
  artifactKey: Guid(b07baf24f16267949bab767d0aaf3523) Importer(815301076,1909f56bfc062723c751e8b465ee728b)
Start importing Assets/raizes/char/mandioca_00013.png using Guid(b07baf24f16267949bab767d0aaf3523) Importer(815301076,1909f56bfc062723c751e8b465ee728b)  -> (artifact id: '5f09ac8a54afea3b745468e890f49dba') in 0.025250 seconds 
========================================================================
Received Import Request.
  Time since last request: 0.000031 seconds.
  path: Assets/raizes/char/inhame_00025.png
  artifactKey: Guid(a076a5ea460417e49b92a9aa1229bdd8) Importer(815301076,1909f56bfc062723c751e8b465ee728b)
Start importing Assets/raizes/char/inhame_00025.png using Guid(a076a5ea460417e49b92a9aa1229bdd8) Importer(815301076,1909f56bfc062723c751e8b465ee728b)  -> (artifact id: '76d1462cd43d78a1a6243670253bdf1e') in 0.030782 seconds 
========================================================================
Received Import Request.
  Time since last request: 0.000044 seconds.
  path: Assets/raizes/char/inhame_00004.png
  artifactKey: Guid(6ac978096f647994b8e2cf11be32d588) Importer(815301076,1909f56bfc062723c751e8b465ee728b)
Start importing Assets/raizes/char/inhame_00004.png using Guid(6ac978096f647994b8e2cf11be32d588) Importer(815301076,1909f56bfc062723c751e8b465ee728b)  -> (artifact id: '21803a49405daed2bc268648f48e34ea') in 0.026924 seconds 
========================================================================
Received Import Request.
  Time since last request: 0.000024 seconds.
  path: Assets/raizes/char/mandioca_00020.png
  artifactKey: Guid(125c4943fdae430459a623a230b8189f) Importer(815301076,1909f56bfc062723c751e8b465ee728b)
Start importing Assets/raizes/char/mandioca_00020.png using Guid(125c4943fdae430459a623a230b8189f) Importer(815301076,1909f56bfc062723c751e8b465ee728b)  -> (artifact id: 'e4475aa20541a07b7f0591895ff50828') in 0.030401 seconds 
========================================================================
Received Import Request.
  Time since last request: 0.000033 seconds.
  path: Assets/raizes/char/inhame_00009.png
  artifactKey: Guid(75a23964566bf4a4e98f29387bc2e5af) Importer(815301076,1909f56bfc062723c751e8b465ee728b)
Start importing Assets/raizes/char/inhame_00009.png using Guid(75a23964566bf4a4e98f29387bc2e5af) Importer(815301076,1909f56bfc062723c751e8b465ee728b)  -> (artifact id: '32bcedcbecb200b00670e5e8c4f67478') in 0.026156 seconds 
========================================================================
Received Import Request.
  Time since last request: 0.000039 seconds.
  path: Assets/raizes/char/inhame_00026.png
  artifactKey: Guid(9a4a972a885ed1243b3af26eeee65c8f) Importer(815301076,1909f56bfc062723c751e8b465ee728b)
Start importing Assets/raizes/char/inhame_00026.png using Guid(9a4a972a885ed1243b3af26eeee65c8f) Importer(815301076,1909f56bfc062723c751e8b465ee728b)  -> (artifact id: '136f52c35556282a089b2192895746e6') in 0.026113 seconds 
========================================================================
Received Import Request.
  Time since last request: 0.000050 seconds.
  path: Assets/raizes/char/mandioca_00039.png
  artifactKey: Guid(cc73746682c5df042bec747f1a18eb20) Importer(815301076,1909f56bfc062723c751e8b465ee728b)
Start importing Assets/raizes/char/mandioca_00039.png using Guid(cc73746682c5df042bec747f1a18eb20) Importer(815301076,1909f56bfc062723c751e8b465ee728b)  -> (artifact id: 'faa83171a8d8fc282d0819a7fff979c9') in 0.024526 seconds 
========================================================================
Received Import Request.
  Time since last request: 0.000058 seconds.
  path: Assets/raizes/char/inhame_00029.png
  artifactKey: Guid(af36dc6b35503df4ea641a9437a790a1) Importer(815301076,1909f56bfc062723c751e8b465ee728b)
Start importing Assets/raizes/char/inhame_00029.png using Guid(af36dc6b35503df4ea641a9437a790a1) Importer(815301076,1909f56bfc062723c751e8b465ee728b)  -> (artifact id: '5dd03ba0acd7aa700dbe262c446dbb0e') in 0.027869 seconds 
========================================================================
Received Import Request.
  Time since last request: 0.000043 seconds.
  path: Assets/raizes/char/mandioca_00003.png
  artifactKey: Guid(b1846cd4ff441ff45ae575f2e7399248) Importer(815301076,1909f56bfc062723c751e8b465ee728b)
Start importing Assets/raizes/char/mandioca_00003.png using Guid(b1846cd4ff441ff45ae575f2e7399248) Importer(815301076,1909f56bfc062723c751e8b465ee728b)  -> (artifact id: '816a42beafcef1796e8e3be15203bafe') in 0.027657 seconds 
========================================================================
Received Import Request.
  Time since last request: 0.000034 seconds.
  path: Assets/raizes/char/inhame_00030.png
  artifactKey: Guid(feb9a6cdb7e034a42b67366f23e8d346) Importer(815301076,1909f56bfc062723c751e8b465ee728b)
Start importing Assets/raizes/char/inhame_00030.png using Guid(feb9a6cdb7e034a42b67366f23e8d346) Importer(815301076,1909f56bfc062723c751e8b465ee728b)  -> (artifact id: '4e97caf1c842330f9ee217727a7cb7d6') in 0.027206 seconds 
========================================================================
Received Import Request.
  Time since last request: 0.000067 seconds.
  path: Assets/raizes/char/mandioca_00023.png
  artifactKey: Guid(11d4ea312054f5549b9347d839a8704d) Importer(815301076,1909f56bfc062723c751e8b465ee728b)
Start importing Assets/raizes/char/mandioca_00023.png using Guid(11d4ea312054f5549b9347d839a8704d) Importer(815301076,1909f56bfc062723c751e8b465ee728b)  -> (artifact id: '8a1041c4bd9433f45b1c63605068eef3') in 0.022538 seconds 
========================================================================
Received Import Request.
  Time since last request: 0.000031 seconds.
  path: Assets/raizes/char/mandioca_00018.png
  artifactKey: Guid(fe9361222aab2ba49b2d22582c614f06) Importer(815301076,1909f56bfc062723c751e8b465ee728b)
Start importing Assets/raizes/char/mandioca_00018.png using Guid(fe9361222aab2ba49b2d22582c614f06) Importer(815301076,1909f56bfc062723c751e8b465ee728b)  -> (artifact id: 'f25fa342353545309b68fadab0441634') in 0.032496 seconds 
========================================================================
Received Import Request.
  Time since last request: 0.000027 seconds.
  path: Assets/raizes/char/mandioca_00029.png
  artifactKey: Guid(894b9d9f774debc42af00c894f842abe) Importer(815301076,1909f56bfc062723c751e8b465ee728b)
Start importing Assets/raizes/char/mandioca_00029.png using Guid(894b9d9f774debc42af00c894f842abe) Importer(815301076,1909f56bfc062723c751e8b465ee728b)  -> (artifact id: 'e75ee938b8adaa1d6a111da004601069') in 0.023814 seconds 
========================================================================
Received Import Request.
  Time since last request: 0.000031 seconds.
  path: Assets/raizes/char/mandioca_00012.png
  artifactKey: Guid(2c6540c09736b7f48aa3b7819b91032a) Importer(815301076,1909f56bfc062723c751e8b465ee728b)
Start importing Assets/raizes/char/mandioca_00012.png using Guid(2c6540c09736b7f48aa3b7819b91032a) Importer(815301076,1909f56bfc062723c751e8b465ee728b)  -> (artifact id: 'f8e430bebb378fb9bf24be95bfd6f212') in 0.029313 seconds 
Editor requested this worker to shutdown with reason: Scaling down because of idle timeout
AssetImportWorker is now disconnected from the server
Process exiting
Exiting without the bug reporter. Application will terminate with return code 0